#
# A fatal error has been detected by the Java Runtime Environment:
#
#  EXCEPTION_ACCESS_VIOLATION (0xc0000005) at pc=0x00007ffd72041aa7, pid=25332, tid=5100
#
# JRE version: Java(TM) SE Runtime Environment (17.0.6+9) (build 17.0.6+9-LTS-190)
# Java VM: Java HotSpot(TM) 64-Bit Server VM (17.0.6+9-LTS-190, mixed mode, sharing, tiered, compressed oops, compressed class ptrs, g1 gc, windows-amd64)
# Problematic frame:
# V  [jvm.dll+0x381aa7]
#
# No core dump will be written. Minidumps are not enabled by default on client versions of Windows
#
# If you would like to submit a bug report, please visit:
#   https://bugreport.java.com/bugreport/crash.jsp
#

---------------  S U M M A R Y ------------

Command Line: -ea -XX:+ShowCodeDetailsInExceptionMessages -Dfile.encoding=UTF-8 org.eclipse.jdt.internal.junit.runner.RemoteTestRunner -version 3 -port 53607 -testLoaderClass org.eclipse.jdt.internal.junit5.runner.JUnit5TestLoader -loaderpluginname org.eclipse.jdt.junit5.runtime -testNameFile C:\Users\talma\AppData\Local\Temp\testNames3547198684465791830.txt

Host: Intel(R) Core(TM) i5-10210U CPU @ 1.60GHz, 8 cores, 7G,  Windows 11 , 64 bit Build 22621 (10.0.22621.5262)
Time: Tue May 13 17:39:47 2025 Jerusalem Daylight Time elapsed time: 3.772156 seconds (0d 0h 0m 3s)

---------------  T H R E A D  ---------------

Current thread (0x0000023d66cd2ed0):  JavaThread "notification-dispatcher" daemon [_thread_in_vm, id=5100, stack(0x000000c16b700000,0x000000c16b800000)]

Stack: [0x000000c16b700000,0x000000c16b800000],  sp=0x000000c16b7ff640,  free space=1021k
Native frames: (J=compiled Java code, j=interpreted, Vv=VM code, C=native code)
V  [jvm.dll+0x381aa7]
V  [jvm.dll+0x673412]
V  [jvm.dll+0x3826eb]
V  [jvm.dll+0x382977]
V  [jvm.dll+0x408f2e]
V  [jvm.dll+0x78753c]
V  [jvm.dll+0x781a7a]
