#
# There is insufficient memory for the Java Runtime Environment to continue.
# Native memory allocation (malloc) failed to allocate 237136 bytes. Error detail: Chunk::new
# Possible reasons:
#   The system is out of physical RAM or swap space
#   This process is running with CompressedOops enabled, and the Java Heap may be blocking the growth of the native heap
# Possible solutions:
#   Reduce memory load on the system
#   Increase physical memory or swap space
#   Check if swap backing store is full
#   Decrease Java heap size (-Xmx/-Xms)
#   Decrease number of Java threads
#   Decrease Java thread stack sizes (-Xss)
#   Set larger code cache with -XX:ReservedCodeCacheSize=
#   JVM is running with Unscaled Compressed Oops mode in which the Java heap is
#     placed in the first 4GB address space. The Java Heap base address is the
#     maximum limit for the native heap growth. Please use -XX:HeapBaseMinAddress
#     to set the Java Heap base and to place the Java Heap above 4GB virtual address.
# This output file may be truncated or incomplete.
#
#  Out of Memory Error (arena.cpp:168), pid=28272, tid=21356
#
# JRE version: OpenJDK Runtime Environment Temurin-21.0.7+6 (21.0.7+6) (build 21.0.7+6-LTS)
# Java VM: OpenJDK 64-Bit Server VM Temurin-21.0.7+6 (21.0.7+6-LTS, mixed mode, sharing, tiered, compressed oops, compressed class ptrs, parallel gc, windows-amd64)
# No core dump will be written. Minidumps are not enabled by default on client versions of Windows
#

---------------  S U M M A R Y ------------

Command Line: --add-modules=ALL-SYSTEM --add-opens=java.base/java.util=ALL-UNNAMED --add-opens=java.base/java.lang=ALL-UNNAMED --add-opens=java.base/sun.nio.fs=ALL-UNNAMED -Declipse.application=org.eclipse.jdt.ls.core.id1 -Dosgi.bundles.defaultStartLevel=4 -Declipse.product=org.eclipse.jdt.ls.core.product -Djava.import.generatesMetadataFilesAtProjectRoot=false -DDetectVMInstallationsJob.disabled=true -Dfile.encoding=utf8 -XX:+UseParallelGC -XX:GCTimeRatio=4 -XX:AdaptiveSizePolicyWeight=90 -Dsun.zip.disableMemoryMapping=true -Xmx1G -Xms100m -Xlog:disable -javaagent:c:\Users\talma\.vscode\extensions\redhat.java-1.42.0-win32-x64\lombok\lombok-1.18.36.jar -XX:+HeapDumpOnOutOfMemoryError -XX:HeapDumpPath=c:\Users\talma\AppData\Roaming\Code\User\workspaceStorage\485b52dae3da986b19eea8159435ec2a\redhat.java -Daether.dependencyCollector.impl=bf c:\Users\talma\.vscode\extensions\redhat.java-1.42.0-win32-x64\server\plugins\org.eclipse.equinox.launcher_1.7.0.v20250424-1814.jar -configuration c:\Users\talma\AppData\Roaming\Code\User\globalStorage\redhat.java\1.42.0\config_win -data c:\Users\talma\AppData\Roaming\Code\User\workspaceStorage\485b52dae3da986b19eea8159435ec2a\redhat.java\jdt_ws --pipe=\\.\pipe\lsp-38c9efed93c9c0ef8907cdfa124e83b0-sock

Host: Intel(R) Core(TM) i5-10210U CPU @ 1.60GHz, 8 cores, 7G,  Windows 11 , 64 bit Build 22621 (10.0.22621.5262)
Time: Tue May 27 12:43:28 2025 Jerusalem Daylight Time elapsed time: 10.437071 seconds (0d 0h 0m 10s)

---------------  T H R E A D  ---------------

Current thread (0x000001e67632d960):  JavaThread "C2 CompilerThread0" daemon [_thread_in_native, id=21356, stack(0x000000daa7d00000,0x000000daa7e00000) (1024K)]


Current CompileTask:
C2:10437 3238       4       java.io.DataInputStream::readUTF (501 bytes)

Stack: [0x000000daa7d00000,0x000000daa7e00000]
Native frames: (J=compiled Java code, j=interpreted, Vv=VM code, C=native code)
V  [jvm.dll+0x6ce119]
V  [jvm.dll+0x8a84a1]
V  [jvm.dll+0x8aa9ce]
V  [jvm.dll+0x8ab0b3]
V  [jvm.dll+0x27f8a6]
V  [jvm.dll+0xc507d]
V  [jvm.dll+0xc55b3]
V  [jvm.dll+0x2f2c6d]
V  [jvm.dll+0x5f6bca]
V  [jvm.dll+0x250cb2]
V  [jvm.dll+0x25106f]
V  [jvm.dll+0x249934]
V  [jvm.dll+0x246fc4]
V  [jvm.dll+0x1c760e]
V  [jvm.dll+0x25695a]
V  [jvm.dll+0x254efa]
V  [jvm.dll+0x3f03f6]
V  [jvm.dll+0x851f6b]
V  [jvm.dll+0x6cc7dd]
C  [ucrtbase.dll+0x29333]
C  [KERNEL32.DLL+0x1259d]
C  [ntdll.dll+0x5af58]


---------------  P R O C E S S  ---------------

Threads class SMR info:
_java_thread_list=0x000001e67cf98bc0, length=18, elements={
0x000001e66eccc340, 0x000001e67632a170, 0x000001e67632b4c0, 0x000001e671028fc0,
0x000001e671029cd0, 0x000001e67102abe0, 0x000001e67632cfd0, 0x000001e67632d960,
0x000001e676359d50, 0x000001e67c0c12e0, 0x000001e67c1ef500, 0x000001e67c8f67f0,
0x000001e67c92ada0, 0x000001e67cd0db70, 0x000001e67cc1e910, 0x000001e67d44b930,
0x000001e67d177860, 0x000001e67c7b5010
}

Java Threads: ( => current thread )
  0x000001e66eccc340 JavaThread "main"                              [_thread_blocked, id=29448, stack(0x000000daa7300000,0x000000daa7400000) (1024K)]
  0x000001e67632a170 JavaThread "Reference Handler"          daemon [_thread_blocked, id=32320, stack(0x000000daa7700000,0x000000daa7800000) (1024K)]
  0x000001e67632b4c0 JavaThread "Finalizer"                  daemon [_thread_blocked, id=26004, stack(0x000000daa7800000,0x000000daa7900000) (1024K)]
  0x000001e671028fc0 JavaThread "Signal Dispatcher"          daemon [_thread_blocked, id=37848, stack(0x000000daa7900000,0x000000daa7a00000) (1024K)]
  0x000001e671029cd0 JavaThread "Attach Listener"            daemon [_thread_blocked, id=27992, stack(0x000000daa7a00000,0x000000daa7b00000) (1024K)]
  0x000001e67102abe0 JavaThread "Service Thread"             daemon [_thread_blocked, id=29488, stack(0x000000daa7b00000,0x000000daa7c00000) (1024K)]
  0x000001e67632cfd0 JavaThread "Monitor Deflation Thread"   daemon [_thread_blocked, id=11964, stack(0x000000daa7c00000,0x000000daa7d00000) (1024K)]
=>0x000001e67632d960 JavaThread "C2 CompilerThread0"         daemon [_thread_in_native, id=21356, stack(0x000000daa7d00000,0x000000daa7e00000) (1024K)]
  0x000001e676359d50 JavaThread "C1 CompilerThread0"         daemon [_thread_blocked, id=22184, stack(0x000000daa7e00000,0x000000daa7f00000) (1024K)]
  0x000001e67c0c12e0 JavaThread "Common-Cleaner"             daemon [_thread_blocked, id=6320, stack(0x000000daa7f00000,0x000000daa8000000) (1024K)]
  0x000001e67c1ef500 JavaThread "Notification Thread"        daemon [_thread_blocked, id=26064, stack(0x000000daa8000000,0x000000daa8100000) (1024K)]
  0x000001e67c8f67f0 JavaThread "Active Thread: Equinox Container: 73940cef-d85e-4b72-9416-4fbfd553fcb7"        [_thread_blocked, id=31772, stack(0x000000daa8700000,0x000000daa8800000) (1024K)]
  0x000001e67c92ada0 JavaThread "Refresh Thread: Equinox Container: 73940cef-d85e-4b72-9416-4fbfd553fcb7" daemon [_thread_blocked, id=40804, stack(0x000000daa8900000,0x000000daa8a00000) (1024K)]
  0x000001e67cd0db70 JavaThread "Framework Event Dispatcher: Equinox Container: 73940cef-d85e-4b72-9416-4fbfd553fcb7" daemon [_thread_blocked, id=41852, stack(0x000000daa8a00000,0x000000daa8b00000) (1024K)]
  0x000001e67cc1e910 JavaThread "Start Level: Equinox Container: 73940cef-d85e-4b72-9416-4fbfd553fcb7" daemon [_thread_in_native, id=31796, stack(0x000000daa8b00000,0x000000daa8c00000) (1024K)]
  0x000001e67d44b930 JavaThread "Bundle File Closer"         daemon [_thread_blocked, id=35384, stack(0x000000daa8c00000,0x000000daa8d00000) (1024K)]
  0x000001e67d177860 JavaThread "SCR Component Actor"        daemon [_thread_blocked, id=33536, stack(0x000000daa8d00000,0x000000daa8e00000) (1024K)]
  0x000001e67c7b5010 JavaThread "Worker-JM"                         [_thread_blocked, id=33136, stack(0x000000daa8f00000,0x000000daa9000000) (1024K)]
Total: 18

Other Threads:
  0x000001e676323940 VMThread "VM Thread"                           [id=31136, stack(0x000000daa7600000,0x000000daa7700000) (1024K)]
  0x000001e67623ba00 WatcherThread "VM Periodic Task Thread"        [id=18540, stack(0x000000daa7500000,0x000000daa7600000) (1024K)]
  0x000001e670f915f0 WorkerThread "GC Thread#0"                     [id=40032, stack(0x000000daa7400000,0x000000daa7500000) (1024K)]
  0x000001e67c55aee0 WorkerThread "GC Thread#1"                     [id=41572, stack(0x000000daa8100000,0x000000daa8200000) (1024K)]
  0x000001e67c39af90 WorkerThread "GC Thread#2"                     [id=12348, stack(0x000000daa8200000,0x000000daa8300000) (1024K)]
  0x000001e67c39b330 WorkerThread "GC Thread#3"                     [id=30904, stack(0x000000daa8300000,0x000000daa8400000) (1024K)]
  0x000001e67c39b6d0 WorkerThread "GC Thread#4"                     [id=21956, stack(0x000000daa8400000,0x000000daa8500000) (1024K)]
  0x000001e67c39ba70 WorkerThread "GC Thread#5"                     [id=15044, stack(0x000000daa8500000,0x000000daa8600000) (1024K)]
  0x000001e67c39be10 WorkerThread "GC Thread#6"                     [id=13568, stack(0x000000daa8600000,0x000000daa8700000) (1024K)]
  0x000001e67c8e9600 WorkerThread "GC Thread#7"                     [id=19832, stack(0x000000daa8800000,0x000000daa8900000) (1024K)]
Total: 10

Threads with active compile tasks:
C2 CompilerThread0  12331 3238       4       java.io.DataInputStream::readUTF (501 bytes)
Total: 1

VM state: not at safepoint (normal execution)

VM Mutex/Monitor currently owned by a thread: None

Heap address: 0x00000000c0000000, size: 1024 MB, Compressed Oops mode: 32-bit

CDS archive(s) mapped at: [0x000001e60f000000-0x000001e60fba0000-0x000001e60fba0000), size 12189696, SharedBaseAddress: 0x000001e60f000000, ArchiveRelocationMode: 1.
Compressed class space mapped at: 0x000001e610000000-0x000001e650000000, reserved size: 1073741824
Narrow klass base: 0x000001e60f000000, Narrow klass shift: 0, Narrow klass range: 0x100000000

GC Precious Log:
 CardTable entry size: 512
 CPUs: 8 total, 8 available
 Memory: 8025M
 Large Page Support: Disabled
 NUMA Support: Disabled
 Compressed Oops: Enabled (32-bit)
 Alignments: Space 512K, Generation 512K, Heap 2M
 Heap Min Capacity: 100M
 Heap Initial Capacity: 100M
 Heap Max Capacity: 1G
 Pre-touch: Disabled
 Parallel Workers: 8

Heap:
 PSYoungGen      total 29184K, used 6826K [0x00000000eab00000, 0x00000000ece80000, 0x0000000100000000)
  eden space 25088K, 10% used [0x00000000eab00000,0x00000000eadaba70,0x00000000ec380000)
  from space 4096K, 99% used [0x00000000ec400000,0x00000000ec7ff060,0x00000000ec800000)
  to   space 5632K, 0% used [0x00000000ec900000,0x00000000ec900000,0x00000000ece80000)
 ParOldGen       total 68608K, used 8149K [0x00000000c0000000, 0x00000000c4300000, 0x00000000eab00000)
  object space 68608K, 11% used [0x00000000c0000000,0x00000000c07f5430,0x00000000c4300000)
 Metaspace       used 15715K, committed 16384K, reserved 1114112K
  class space    used 1565K, committed 1856K, reserved 1048576K

Card table byte_map: [0x000001e670910000,0x000001e670b20000] _byte_map_base: 0x000001e670310000

Marking Bits: (ParMarkBitMap*) 0x00007fffd52a31f0
 Begin Bits: [0x000001e674160000, 0x000001e675160000)
 End Bits:   [0x000001e675160000, 0x000001e676160000)

Polling page: 0x000001e66eda0000

Metaspace:

Usage:
  Non-class:     13.82 MB used.
      Class:      1.53 MB used.
       Both:     15.35 MB used.

Virtual space:
  Non-class space:       64.00 MB reserved,      14.19 MB ( 22%) committed,  1 nodes.
      Class space:        1.00 GB reserved,       1.81 MB ( <1%) committed,  1 nodes.
             Both:        1.06 GB reserved,      16.00 MB (  1%) committed. 

Chunk freelists:
   Non-Class:  1.37 MB
       Class:  14.25 MB
        Both:  15.62 MB

MaxMetaspaceSize: unlimited
CompressedClassSpaceSize: 1.00 GB
Initial GC threshold: 21.00 MB
Current GC threshold: 21.00 MB
CDS: on
 - commit_granule_bytes: 65536.
 - commit_granule_words: 8192.
 - virtual_space_node_default_size: 8388608.
 - enlarge_chunks_in_place: 1.
 - use_allocation_guard: 0.


Internal statistics:

num_allocs_failed_limit: 0.
num_arena_births: 442.
num_arena_deaths: 0.
num_vsnodes_births: 2.
num_vsnodes_deaths: 0.
num_space_committed: 256.
num_space_uncommitted: 0.
num_chunks_returned_to_freelist: 0.
num_chunks_taken_from_freelist: 948.
num_chunk_merges: 0.
num_chunk_splits: 624.
num_chunks_enlarged: 413.
num_inconsistent_stats: 0.

CodeHeap 'non-profiled nmethods': size=120000Kb used=1373Kb max_used=1373Kb free=118626Kb
 bounds [0x000001e607ad0000, 0x000001e607d40000, 0x000001e60f000000]
CodeHeap 'profiled nmethods': size=120000Kb used=6706Kb max_used=6706Kb free=113293Kb
 bounds [0x000001e600000000, 0x000001e600690000, 0x000001e607530000]
CodeHeap 'non-nmethods': size=5760Kb used=1266Kb max_used=1283Kb free=4493Kb
 bounds [0x000001e607530000, 0x000001e6077a0000, 0x000001e607ad0000]
 total_blobs=3805 nmethods=3265 adapters=446
 compilation: enabled
              stopped_count=0, restarted_count=0
 full_count=0

Compilation events (20 events):
Event: 8.949 Thread 0x000001e676359d50 nmethod 3227 0x000001e60067d510 code [0x000001e60067d6e0, 0x000001e60067da88]
Event: 8.949 Thread 0x000001e676359d50 3229       3       sun.util.locale.LanguageTag::parseExtensions (208 bytes)
Event: 8.950 Thread 0x000001e676359d50 nmethod 3229 0x000001e60067dc10 code [0x000001e60067dfe0, 0x000001e60067f638]
Event: 8.950 Thread 0x000001e676359d50 3230       3       sun.util.locale.provider.LocaleProviderAdapter$$Lambda/0x800000068::apply (8 bytes)
Event: 8.950 Thread 0x000001e676359d50 nmethod 3230 0x000001e60067ff10 code [0x000001e6006800c0, 0x000001e6006802f0]
Event: 8.950 Thread 0x000001e676359d50 3231       3       sun.util.locale.provider.LocaleProviderAdapter::lambda$toLocaleArray$0 (135 bytes)
Event: 8.950 Thread 0x000001e676359d50 nmethod 3231 0x000001e600680390 code [0x000001e6006805c0, 0x000001e600680c80]
Event: 8.950 Thread 0x000001e676359d50 3232       3       java.util.stream.Nodes$FixedNodeBuilder::accept (61 bytes)
Event: 8.951 Thread 0x000001e676359d50 nmethod 3232 0x000001e600680e90 code [0x000001e600681140, 0x000001e600681fe0]
Event: 8.951 Thread 0x000001e676359d50 3233       3       sun.util.locale.LocaleObjectCache::normalizeKey (2 bytes)
Event: 8.951 Thread 0x000001e676359d50 nmethod 3233 0x000001e600682510 code [0x000001e6006826a0, 0x000001e6006827b0]
Event: 8.951 Thread 0x000001e676359d50 3234       3       sun.util.locale.BaseLocale$Cache::normalizeKey (9 bytes)
Event: 8.951 Thread 0x000001e676359d50 nmethod 3234 0x000001e600682810 code [0x000001e6006829c0, 0x000001e600682c48]
Event: 8.951 Thread 0x000001e676359d50 3235       3       sun.util.locale.BaseLocale$Cache::normalizeKey (5 bytes)
Event: 8.951 Thread 0x000001e676359d50 nmethod 3235 0x000001e600682d10 code [0x000001e600682ec0, 0x000001e600682ff8]
Event: 10.318 Thread 0x000001e67632d960 3236       4       org.eclipse.core.internal.localstore.SafeChunkyInputStream::compare (45 bytes)
Event: 10.320 Thread 0x000001e676359d50 3237   !   3       java.io.InputStream::read (81 bytes)
Event: 10.321 Thread 0x000001e676359d50 nmethod 3237 0x000001e600683090 code [0x000001e6006832a0, 0x000001e600683940]
Event: 10.321 Thread 0x000001e67632d960 nmethod 3236 0x000001e607c23090 code [0x000001e607c23220, 0x000001e607c23360]
Event: 10.321 Thread 0x000001e67632d960 3238       4       java.io.DataInputStream::readUTF (501 bytes)

GC Heap History (10 events):
Event: 2.112 GC heap before
{Heap before GC invocations=1 (full 0):
 PSYoungGen      total 29696K, used 25600K [0x00000000eab00000, 0x00000000ecc00000, 0x0000000100000000)
  eden space 25600K, 100% used [0x00000000eab00000,0x00000000ec400000,0x00000000ec400000)
  from space 4096K, 0% used [0x00000000ec800000,0x00000000ec800000,0x00000000ecc00000)
  to   space 4096K, 0% used [0x00000000ec400000,0x00000000ec400000,0x00000000ec800000)
 ParOldGen       total 68608K, used 0K [0x00000000c0000000, 0x00000000c4300000, 0x00000000eab00000)
  object space 68608K, 0% used [0x00000000c0000000,0x00000000c0000000,0x00000000c4300000)
 Metaspace       used 4347K, committed 4608K, reserved 1114112K
  class space    used 459K, committed 576K, reserved 1048576K
}
Event: 2.132 GC heap after
{Heap after GC invocations=1 (full 0):
 PSYoungGen      total 29696K, used 3270K [0x00000000eab00000, 0x00000000ecc00000, 0x0000000100000000)
  eden space 25600K, 0% used [0x00000000eab00000,0x00000000eab00000,0x00000000ec400000)
  from space 4096K, 79% used [0x00000000ec400000,0x00000000ec731870,0x00000000ec800000)
  to   space 4096K, 0% used [0x00000000ec800000,0x00000000ec800000,0x00000000ecc00000)
 ParOldGen       total 68608K, used 0K [0x00000000c0000000, 0x00000000c4300000, 0x00000000eab00000)
  object space 68608K, 0% used [0x00000000c0000000,0x00000000c0000000,0x00000000c4300000)
 Metaspace       used 4347K, committed 4608K, reserved 1114112K
  class space    used 459K, committed 576K, reserved 1048576K
}
Event: 3.808 GC heap before
{Heap before GC invocations=2 (full 0):
 PSYoungGen      total 29696K, used 28870K [0x00000000eab00000, 0x00000000ecc00000, 0x0000000100000000)
  eden space 25600K, 100% used [0x00000000eab00000,0x00000000ec400000,0x00000000ec400000)
  from space 4096K, 79% used [0x00000000ec400000,0x00000000ec731870,0x00000000ec800000)
  to   space 4096K, 0% used [0x00000000ec800000,0x00000000ec800000,0x00000000ecc00000)
 ParOldGen       total 68608K, used 0K [0x00000000c0000000, 0x00000000c4300000, 0x00000000eab00000)
  object space 68608K, 0% used [0x00000000c0000000,0x00000000c0000000,0x00000000c4300000)
 Metaspace       used 8037K, committed 8384K, reserved 1114112K
  class space    used 807K, committed 960K, reserved 1048576K
}
Event: 3.818 GC heap after
{Heap after GC invocations=2 (full 0):
 PSYoungGen      total 29696K, used 4068K [0x00000000eab00000, 0x00000000ecc00000, 0x0000000100000000)
  eden space 25600K, 0% used [0x00000000eab00000,0x00000000eab00000,0x00000000ec400000)
  from space 4096K, 99% used [0x00000000ec800000,0x00000000ecbf91f8,0x00000000ecc00000)
  to   space 4096K, 0% used [0x00000000ec400000,0x00000000ec400000,0x00000000ec800000)
 ParOldGen       total 68608K, used 1705K [0x00000000c0000000, 0x00000000c4300000, 0x00000000eab00000)
  object space 68608K, 2% used [0x00000000c0000000,0x00000000c01aa6a8,0x00000000c4300000)
 Metaspace       used 8037K, committed 8384K, reserved 1114112K
  class space    used 807K, committed 960K, reserved 1048576K
}
Event: 4.542 GC heap before
{Heap before GC invocations=3 (full 0):
 PSYoungGen      total 29696K, used 29668K [0x00000000eab00000, 0x00000000ecc00000, 0x0000000100000000)
  eden space 25600K, 100% used [0x00000000eab00000,0x00000000ec400000,0x00000000ec400000)
  from space 4096K, 99% used [0x00000000ec800000,0x00000000ecbf91f8,0x00000000ecc00000)
  to   space 4096K, 0% used [0x00000000ec400000,0x00000000ec400000,0x00000000ec800000)
 ParOldGen       total 68608K, used 1705K [0x00000000c0000000, 0x00000000c4300000, 0x00000000eab00000)
  object space 68608K, 2% used [0x00000000c0000000,0x00000000c01aa6a8,0x00000000c4300000)
 Metaspace       used 9405K, committed 9792K, reserved 1114112K
  class space    used 969K, committed 1152K, reserved 1048576K
}
Event: 4.553 GC heap after
{Heap after GC invocations=3 (full 0):
 PSYoungGen      total 29696K, used 4082K [0x00000000eab00000, 0x00000000ecc00000, 0x0000000100000000)
  eden space 25600K, 0% used [0x00000000eab00000,0x00000000eab00000,0x00000000ec400000)
  from space 4096K, 99% used [0x00000000ec400000,0x00000000ec7fc950,0x00000000ec800000)
  to   space 4096K, 0% used [0x00000000ec800000,0x00000000ec800000,0x00000000ecc00000)
 ParOldGen       total 68608K, used 5245K [0x00000000c0000000, 0x00000000c4300000, 0x00000000eab00000)
  object space 68608K, 7% used [0x00000000c0000000,0x00000000c051f620,0x00000000c4300000)
 Metaspace       used 9405K, committed 9792K, reserved 1114112K
  class space    used 969K, committed 1152K, reserved 1048576K
}
Event: 5.819 GC heap before
{Heap before GC invocations=4 (full 0):
 PSYoungGen      total 29696K, used 29682K [0x00000000eab00000, 0x00000000ecc00000, 0x0000000100000000)
  eden space 25600K, 100% used [0x00000000eab00000,0x00000000ec400000,0x00000000ec400000)
  from space 4096K, 99% used [0x00000000ec400000,0x00000000ec7fc950,0x00000000ec800000)
  to   space 4096K, 0% used [0x00000000ec800000,0x00000000ec800000,0x00000000ecc00000)
 ParOldGen       total 68608K, used 5245K [0x00000000c0000000, 0x00000000c4300000, 0x00000000eab00000)
  object space 68608K, 7% used [0x00000000c0000000,0x00000000c051f620,0x00000000c4300000)
 Metaspace       used 12210K, committed 12608K, reserved 1114112K
  class space    used 1252K, committed 1472K, reserved 1048576K
}
Event: 5.827 GC heap after
{Heap after GC invocations=4 (full 0):
 PSYoungGen      total 29696K, used 4080K [0x00000000eab00000, 0x00000000ecc00000, 0x0000000100000000)
  eden space 25600K, 0% used [0x00000000eab00000,0x00000000eab00000,0x00000000ec400000)
  from space 4096K, 99% used [0x00000000ec800000,0x00000000ecbfc1a8,0x00000000ecc00000)
  to   space 4096K, 0% used [0x00000000ec400000,0x00000000ec400000,0x00000000ec800000)
 ParOldGen       total 68608K, used 6956K [0x00000000c0000000, 0x00000000c4300000, 0x00000000eab00000)
  object space 68608K, 10% used [0x00000000c0000000,0x00000000c06cb270,0x00000000c4300000)
 Metaspace       used 12210K, committed 12608K, reserved 1114112K
  class space    used 1252K, committed 1472K, reserved 1048576K
}
Event: 8.692 GC heap before
{Heap before GC invocations=5 (full 0):
 PSYoungGen      total 29696K, used 29680K [0x00000000eab00000, 0x00000000ecc00000, 0x0000000100000000)
  eden space 25600K, 100% used [0x00000000eab00000,0x00000000ec400000,0x00000000ec400000)
  from space 4096K, 99% used [0x00000000ec800000,0x00000000ecbfc1a8,0x00000000ecc00000)
  to   space 4096K, 0% used [0x00000000ec400000,0x00000000ec400000,0x00000000ec800000)
 ParOldGen       total 68608K, used 6956K [0x00000000c0000000, 0x00000000c4300000, 0x00000000eab00000)
  object space 68608K, 10% used [0x00000000c0000000,0x00000000c06cb270,0x00000000c4300000)
 Metaspace       used 15519K, committed 16064K, reserved 1114112K
  class space    used 1549K, committed 1792K, reserved 1048576K
}
Event: 8.696 GC heap after
{Heap after GC invocations=5 (full 0):
 PSYoungGen      total 29184K, used 4092K [0x00000000eab00000, 0x00000000ece80000, 0x0000000100000000)
  eden space 25088K, 0% used [0x00000000eab00000,0x00000000eab00000,0x00000000ec380000)
  from space 4096K, 99% used [0x00000000ec400000,0x00000000ec7ff060,0x00000000ec800000)
  to   space 5632K, 0% used [0x00000000ec900000,0x00000000ec900000,0x00000000ece80000)
 ParOldGen       total 68608K, used 8149K [0x00000000c0000000, 0x00000000c4300000, 0x00000000eab00000)
  object space 68608K, 11% used [0x00000000c0000000,0x00000000c07f5430,0x00000000c4300000)
 Metaspace       used 15519K, committed 16064K, reserved 1114112K
  class space    used 1549K, committed 1792K, reserved 1048576K
}

Dll operation events (9 events):
Event: 0.056 Loaded shared library c:\Users\talma\.vscode\extensions\redhat.java-1.42.0-win32-x64\jre\21.0.7-win32-x86_64\bin\java.dll
Event: 0.132 Loaded shared library c:\Users\talma\.vscode\extensions\redhat.java-1.42.0-win32-x64\jre\21.0.7-win32-x86_64\bin\zip.dll
Event: 0.370 Loaded shared library C:\Users\talma\.vscode\extensions\redhat.java-1.42.0-win32-x64\jre\21.0.7-win32-x86_64\bin\instrument.dll
Event: 0.384 Loaded shared library C:\Users\talma\.vscode\extensions\redhat.java-1.42.0-win32-x64\jre\21.0.7-win32-x86_64\bin\net.dll
Event: 0.388 Loaded shared library C:\Users\talma\.vscode\extensions\redhat.java-1.42.0-win32-x64\jre\21.0.7-win32-x86_64\bin\nio.dll
Event: 0.397 Loaded shared library C:\Users\talma\.vscode\extensions\redhat.java-1.42.0-win32-x64\jre\21.0.7-win32-x86_64\bin\zip.dll
Event: 0.470 Loaded shared library C:\Users\talma\.vscode\extensions\redhat.java-1.42.0-win32-x64\jre\21.0.7-win32-x86_64\bin\jimage.dll
Event: 0.715 Loaded shared library c:\Users\talma\.vscode\extensions\redhat.java-1.42.0-win32-x64\jre\21.0.7-win32-x86_64\bin\verify.dll
Event: 3.834 Loaded shared library C:\Users\talma\AppData\Roaming\Code\User\globalStorage\redhat.java\1.42.0\config_win\org.eclipse.equinox.launcher\org.eclipse.equinox.launcher.win32.win32.x86_64_1.2.1300.v20250331-1702\eclipse_11911.dll

Deoptimization events (20 events):
Event: 6.476 Thread 0x000001e67cc1e910 Uncommon trap: trap_request=0xffffff45 fr.pc=0x000001e607bd9514 relative=0x0000000000000074
Event: 6.476 Thread 0x000001e67cc1e910 Uncommon trap: reason=unstable_if action=reinterpret pc=0x000001e607bd9514 method=java.lang.ref.ReferenceQueue.poll()Ljava/lang/ref/Reference; @ 4 c2
Event: 6.476 Thread 0x000001e67cc1e910 DEOPT PACKING pc=0x000001e607bd9514 sp=0x000000daa8bfd490
Event: 6.476 Thread 0x000001e67cc1e910 DEOPT UNPACKING pc=0x000001e607583aa2 sp=0x000000daa8bfd418 mode 2
Event: 6.480 Thread 0x000001e67cc1e910 Uncommon trap: trap_request=0xffffff45 fr.pc=0x000001e607becab4 relative=0x00000000000004b4
Event: 6.480 Thread 0x000001e67cc1e910 Uncommon trap: reason=unstable_if action=reinterpret pc=0x000001e607becab4 method=com.sun.org.apache.xerces.internal.impl.XMLEntityScanner.scanLiteral(ILcom/sun/org/apache/xerces/internal/xni/XMLString;Z)I @ 299 c2
Event: 6.480 Thread 0x000001e67cc1e910 DEOPT PACKING pc=0x000001e607becab4 sp=0x000000daa8bfd910
Event: 6.480 Thread 0x000001e67cc1e910 DEOPT UNPACKING pc=0x000001e607583aa2 sp=0x000000daa8bfd8a0 mode 2
Event: 6.871 Thread 0x000001e67cc1e910 DEOPT PACKING pc=0x000001e600121d86 sp=0x000000daa8bf8c60
Event: 6.871 Thread 0x000001e67cc1e910 DEOPT UNPACKING pc=0x000001e607584242 sp=0x000000daa8bf8170 mode 0
Event: 6.872 Thread 0x000001e67cc1e910 DEOPT PACKING pc=0x000001e600121d86 sp=0x000000daa8bf8c60
Event: 6.872 Thread 0x000001e67cc1e910 DEOPT UNPACKING pc=0x000001e607584242 sp=0x000000daa8bf8170 mode 0
Event: 7.201 Thread 0x000001e67cc1e910 Uncommon trap: trap_request=0xffffffcc fr.pc=0x000001e607c18d48 relative=0x0000000000000388
Event: 7.201 Thread 0x000001e67cc1e910 Uncommon trap: reason=intrinsic_or_type_checked_inlining action=make_not_entrant pc=0x000001e607c18d48 method=java.util.Arrays.copyOf([Ljava/lang/Object;ILjava/lang/Class;)[Ljava/lang/Object; @ 35 c2
Event: 7.201 Thread 0x000001e67cc1e910 DEOPT PACKING pc=0x000001e607c18d48 sp=0x000000daa8bf9900
Event: 7.201 Thread 0x000001e67cc1e910 DEOPT UNPACKING pc=0x000001e607583aa2 sp=0x000000daa8bf98a8 mode 2
Event: 8.925 Thread 0x000001e67cc1e910 DEOPT PACKING pc=0x000001e6003efb56 sp=0x000000daa8bf81e0
Event: 8.925 Thread 0x000001e67cc1e910 DEOPT UNPACKING pc=0x000001e607584242 sp=0x000000daa8bf76f0 mode 0
Event: 8.931 Thread 0x000001e67cc1e910 DEOPT PACKING pc=0x000001e6003ef878 sp=0x000000daa8bf82a0
Event: 8.931 Thread 0x000001e67cc1e910 DEOPT UNPACKING pc=0x000001e607584242 sp=0x000000daa8bf77a0 mode 0

Classes loaded (20 events):
Event: 7.238 Loading class java/util/stream/SortedOps
Event: 7.238 Loading class java/util/stream/SortedOps done
Event: 7.238 Loading class java/util/stream/SortedOps$OfRef
Event: 7.238 Loading class java/util/stream/ReferencePipeline$StatefulOp
Event: 7.238 Loading class java/util/stream/ReferencePipeline$StatefulOp done
Event: 7.238 Loading class java/util/stream/SortedOps$OfRef done
Event: 7.239 Loading class java/util/stream/SortedOps$RefSortingSink
Event: 7.239 Loading class java/util/stream/SortedOps$AbstractRefSortingSink
Event: 7.239 Loading class java/util/stream/SortedOps$AbstractRefSortingSink done
Event: 7.239 Loading class java/util/stream/SortedOps$RefSortingSink done
Event: 7.248 Loading class java/util/zip/ZipOutputStream
Event: 7.248 Loading class java/util/zip/DeflaterOutputStream
Event: 7.248 Loading class java/util/zip/DeflaterOutputStream done
Event: 7.248 Loading class java/util/zip/ZipOutputStream done
Event: 8.749 Loading class java/lang/StackTraceElement$HashedModules
Event: 8.750 Loading class java/lang/StackTraceElement$HashedModules done
Event: 8.759 Loading class sun/nio/cs/UTF_8$Encoder
Event: 8.759 Loading class sun/nio/cs/UTF_8$Encoder done
Event: 9.016 Loading class java/io/FileOutputStream$1
Event: 9.016 Loading class java/io/FileOutputStream$1 done

Classes unloaded (0 events):
No events

Classes redefined (0 events):
No events

Internal exceptions (20 events):
Event: 3.192 Thread 0x000001e66eccc340 Exception <a 'java/lang/NoSuchMethodError'{0x00000000eba43150}: 'int java.lang.invoke.DirectMethodHandle$Holder.invokeVirtual(java.lang.Object, java.lang.Object)'> (0x00000000eba43150) 
thrown [s\src\hotspot\share\interpreter\linkResolver.cpp, line 773]
Event: 3.558 Thread 0x000001e66eccc340 Exception <a 'java/lang/NoSuchMethodError'{0x00000000ebde4ae8}: 'java.lang.Object java.lang.invoke.DirectMethodHandle$Holder.newInvokeSpecial(java.lang.Object, int, java.lang.Object)'> (0x00000000ebde4ae8) 
thrown [s\src\hotspot\share\interpreter\linkResolver.cpp, line 773]
Event: 3.604 Thread 0x000001e66eccc340 Exception <a 'java/lang/NoSuchMethodError'{0x00000000ebf800a8}: 'java.lang.Object java.lang.invoke.DirectMethodHandle$Holder.newInvokeSpecial(java.lang.Object, java.lang.Object, java.lang.Object, java.lang.Object, int, java.lang.Object)'> (0x00000000ebf800a8) 
thrown [s\src\hotspot\share\interpreter\linkResolver.cpp, line 773]
Event: 3.826 Thread 0x000001e66eccc340 Exception <a 'java/lang/UnsatisfiedLinkError'{0x00000000eab32bb0}: 'void org.eclipse.equinox.launcher.JNIBridge._update_splash()'> (0x00000000eab32bb0) 
thrown [s\src\hotspot\share\prims\nativeLookup.cpp, line 415]
Event: 4.015 Thread 0x000001e67cc1e910 Exception <a 'java/lang/NoSuchMethodError'{0x00000000eb140c78}: 'java.lang.Object java.lang.invoke.DirectMethodHandle$Holder.newInvokeSpecial(java.lang.Object, java.lang.Object, int, java.lang.Object)'> (0x00000000eb140c78) 
thrown [s\src\hotspot\share\interpreter\linkResolver.cpp, line 773]
Event: 4.039 Thread 0x000001e67cc1e910 Exception <a 'java/lang/NoClassDefFoundError'{0x00000000eb1e11f8}: jakarta/servlet/ServletContainerInitializer> (0x00000000eb1e11f8) 
thrown [s\src\hotspot\share\classfile\systemDictionary.cpp, line 301]
Event: 4.077 Thread 0x000001e67cc1e910 Exception <a 'java/lang/NoSuchMethodError'{0x00000000eb314c30}: 'java.lang.Object java.lang.invoke.DirectMethodHandle$Holder.invokeStatic(java.lang.Object, int, java.lang.Object)'> (0x00000000eb314c30) 
thrown [s\src\hotspot\share\interpreter\linkResolver.cpp, line 773]
Event: 4.089 Thread 0x000001e67cc1e910 Exception <a 'java/lang/ClassNotFoundException'{0x00000000eb36bee8}: sun/util/logging/resources/spi/loggingProvider> (0x00000000eb36bee8) 
thrown [s\src\hotspot\share\classfile\systemDictionary.cpp, line 312]
Event: 5.379 Thread 0x000001e67cc1e910 Exception <a 'java/lang/NullPointerException'{0x00000000eb807350}> (0x00000000eb807350) 
thrown [s\src\hotspot\share\interpreter\linkResolver.cpp, line 1372]
Event: 5.379 Thread 0x000001e67cc1e910 Exception <a 'java/lang/NullPointerException'{0x00000000eb807630}> (0x00000000eb807630) 
thrown [s\src\hotspot\share\interpreter\linkResolver.cpp, line 1372]
Event: 5.696 Thread 0x000001e67cc1e910 Exception <a 'java/lang/NoSuchMethodError'{0x00000000ec1c8a58}: 'void java.lang.invoke.Invokers$Holder.invokeExact_MT(java.lang.Object, java.lang.Object, java.lang.Object)'> (0x00000000ec1c8a58) 
thrown [s\src\hotspot\share\interpreter\linkResolver.cpp, line 773]
Event: 6.456 Thread 0x000001e67cc1e910 Exception <a 'java/io/FileNotFoundException'{0x00000000eb1bf830}> (0x00000000eb1bf830) 
thrown [s\src\hotspot\share\prims\jni.cpp, line 520]
Event: 6.771 Thread 0x000001e67cc1e910 Exception <a 'java/lang/NoSuchMethodError'{0x00000000eb65c230}: 'java.lang.Object java.lang.invoke.Invokers$Holder.linkToTargetMethod(java.lang.Object, long, java.lang.Object)'> (0x00000000eb65c230) 
thrown [s\src\hotspot\share\interpreter\linkResolver.cpp, line 773]
Event: 6.818 Thread 0x000001e67cc1e910 Exception <a 'java/lang/NoSuchMethodError'{0x00000000eb95dbe0}: 'void java.lang.invoke.DirectMethodHandle$Holder.invokeInterface(java.lang.Object, java.lang.Object, java.lang.Object)'> (0x00000000eb95dbe0) 
thrown [s\src\hotspot\share\interpreter\linkResolver.cpp, line 773]
Event: 6.903 Thread 0x000001e67cc1e910 Exception <a 'java/lang/NoSuchMethodError'{0x00000000ebe43508}: 'java.lang.Object java.lang.invoke.DirectMethodHandle$Holder.invokeVirtual(java.lang.Object, java.lang.Object, java.lang.Object)'> (0x00000000ebe43508) 
thrown [s\src\hotspot\share\interpreter\linkResolver.cpp, line 773]
Event: 6.905 Thread 0x000001e67cc1e910 Exception <a 'java/lang/NoSuchMethodError'{0x00000000ebe57e10}: 'java.lang.Object java.lang.invoke.DelegatingMethodHandle$Holder.reinvoke_L(java.lang.Object, java.lang.Object, java.lang.Object, java.lang.Object, int, int)'> (0x00000000ebe57e10) 
thrown [s\src\hotspot\share\interpreter\linkResolver.cpp, line 773]
Event: 6.907 Thread 0x000001e67cc1e910 Exception <a 'java/lang/NoSuchMethodError'{0x00000000ebe742f8}: 'java.lang.Object java.lang.invoke.DirectMethodHandle$Holder.newInvokeSpecial(java.lang.Object, java.lang.Object, java.lang.Object, java.lang.Object, java.lang.Object, java.lang.Object)'> (0x00000000ebe742f8) 
thrown [s\src\hotspot\share\interpreter\linkResolver.cpp, line 773]
Event: 6.910 Thread 0x000001e67cc1e910 Exception <a 'java/lang/NoSuchMethodError'{0x00000000ebe9fda0}: 'void java.lang.invoke.Invokers$Holder.invokeExact_MT(java.lang.Object, java.lang.Object, java.lang.Object, java.lang.Object)'> (0x00000000ebe9fda0) 
thrown [s\src\hotspot\share\interpreter\linkResolver.cpp, line 773]
Event: 7.209 Thread 0x000001e67cc1e910 Exception <a 'java/io/FileNotFoundException'{0x00000000ec12fa18}> (0x00000000ec12fa18) 
thrown [s\src\hotspot\share\prims\jni.cpp, line 520]
Event: 7.229 Thread 0x000001e67cc1e910 Exception <a 'java/io/FileNotFoundException'{0x00000000ec136a20}> (0x00000000ec136a20) 
thrown [s\src\hotspot\share\prims\jni.cpp, line 520]

ZGC Phase Switch (0 events):
No events

VM Operations (20 events):
Event: 4.146 Executing VM operation: HandshakeAllThreads (Deoptimize)
Event: 4.146 Executing VM operation: HandshakeAllThreads (Deoptimize) done
Event: 4.542 Executing VM operation: ParallelGCFailedAllocation (Allocation Failure)
Event: 4.553 Executing VM operation: ParallelGCFailedAllocation (Allocation Failure) done
Event: 5.372 Executing VM operation: HandshakeAllThreads (Deoptimize)
Event: 5.372 Executing VM operation: HandshakeAllThreads (Deoptimize) done
Event: 5.545 Executing VM operation: HandshakeAllThreads (Deoptimize)
Event: 5.545 Executing VM operation: HandshakeAllThreads (Deoptimize) done
Event: 5.818 Executing VM operation: ParallelGCFailedAllocation (Allocation Failure)
Event: 5.827 Executing VM operation: ParallelGCFailedAllocation (Allocation Failure) done
Event: 6.841 Executing VM operation: Cleanup
Event: 6.841 Executing VM operation: Cleanup done
Event: 7.239 Executing VM operation: HandshakeAllThreads (Deoptimize)
Event: 7.239 Executing VM operation: HandshakeAllThreads (Deoptimize) done
Event: 8.245 Executing VM operation: Cleanup
Event: 8.245 Executing VM operation: Cleanup done
Event: 8.692 Executing VM operation: ParallelGCFailedAllocation (Allocation Failure)
Event: 8.696 Executing VM operation: ParallelGCFailedAllocation (Allocation Failure) done
Event: 9.706 Executing VM operation: Cleanup
Event: 9.706 Executing VM operation: Cleanup done

Memory protections (0 events):
No events

Nmethod flushes (0 events):
No events

Events (19 events):
Event: 0.092 Thread 0x000001e66eccc340 Thread added: 0x000001e66eccc340
Event: 0.144 Thread 0x000001e66eccc340 Thread added: 0x000001e67632a170
Event: 0.144 Thread 0x000001e66eccc340 Thread added: 0x000001e67632b4c0
Event: 0.145 Thread 0x000001e66eccc340 Thread added: 0x000001e671028fc0
Event: 0.145 Thread 0x000001e66eccc340 Thread added: 0x000001e671029cd0
Event: 0.145 Thread 0x000001e66eccc340 Thread added: 0x000001e67102abe0
Event: 0.145 Thread 0x000001e66eccc340 Thread added: 0x000001e67632cfd0
Event: 0.145 Thread 0x000001e66eccc340 Thread added: 0x000001e67632d960
Event: 0.150 Thread 0x000001e66eccc340 Thread added: 0x000001e676359d50
Event: 0.235 Thread 0x000001e66eccc340 Thread added: 0x000001e67c0c12e0
Event: 0.946 Thread 0x000001e66eccc340 Thread added: 0x000001e67c1ef500
Event: 3.520 Thread 0x000001e66eccc340 Thread added: 0x000001e67c8f67f0
Event: 3.823 Thread 0x000001e66eccc340 Thread added: 0x000001e67c92ada0
Event: 3.876 Thread 0x000001e67c92ada0 Thread added: 0x000001e67cd0db70
Event: 3.881 Thread 0x000001e66eccc340 Thread added: 0x000001e67cc1e910
Event: 4.670 Thread 0x000001e67cc1e910 Thread added: 0x000001e67d44b930
Event: 5.330 Thread 0x000001e67cc1e910 Thread added: 0x000001e67d177860
Event: 5.522 Thread 0x000001e67cc1e910 Thread added: 0x000001e67d093b20
Event: 6.822 Thread 0x000001e67cc1e910 Thread added: 0x000001e67c7b5010


Dynamic libraries:
0x00007ff78ce50000 - 0x00007ff78ce5e000 	c:\Users\talma\.vscode\extensions\redhat.java-1.42.0-win32-x64\jre\21.0.7-win32-x86_64\bin\java.exe
0x00007ff84efb0000 - 0x00007ff84f1c7000 	C:\WINDOWS\SYSTEM32\ntdll.dll
0x00007ff84ccb0000 - 0x00007ff84cd74000 	C:\WINDOWS\System32\KERNEL32.DLL
0x00007ff84c7e0000 - 0x00007ff84cbb3000 	C:\WINDOWS\System32\KERNELBASE.dll
0x00007ff84c200000 - 0x00007ff84c311000 	C:\WINDOWS\System32\ucrtbase.dll
0x00007ff838ae0000 - 0x00007ff838af8000 	c:\Users\talma\.vscode\extensions\redhat.java-1.42.0-win32-x64\jre\21.0.7-win32-x86_64\bin\jli.dll
0x00007ff84d290000 - 0x00007ff84d441000 	C:\WINDOWS\System32\USER32.dll
0x00007ff83b8d0000 - 0x00007ff83b8ee000 	c:\Users\talma\.vscode\extensions\redhat.java-1.42.0-win32-x64\jre\21.0.7-win32-x86_64\bin\VCRUNTIME140.dll
0x00007ff84c1d0000 - 0x00007ff84c1f6000 	C:\WINDOWS\System32\win32u.dll
0x00007ff84eeb0000 - 0x00007ff84eed9000 	C:\WINDOWS\System32\GDI32.dll
0x00007ff84c0a0000 - 0x00007ff84c1c2000 	C:\WINDOWS\System32\gdi32full.dll
0x00007ff84c740000 - 0x00007ff84c7da000 	C:\WINDOWS\System32\msvcp_win.dll
0x00007ff834bd0000 - 0x00007ff834e6b000 	C:\WINDOWS\WinSxS\amd64_microsoft.windows.common-controls_6595b64144ccf1df_6.0.22621.5262_none_2712bde373830908\COMCTL32.dll
0x00007ff84edc0000 - 0x00007ff84ee67000 	C:\WINDOWS\System32\msvcrt.dll
0x00007ff84ee70000 - 0x00007ff84eea1000 	C:\WINDOWS\System32\IMM32.DLL
0x00007ff846ec0000 - 0x00007ff846ecc000 	c:\Users\talma\.vscode\extensions\redhat.java-1.42.0-win32-x64\jre\21.0.7-win32-x86_64\bin\vcruntime140_1.dll
0x00007ff8151f0000 - 0x00007ff81527d000 	c:\Users\talma\.vscode\extensions\redhat.java-1.42.0-win32-x64\jre\21.0.7-win32-x86_64\bin\msvcp140.dll
0x00007fffd45f0000 - 0x00007fffd5380000 	c:\Users\talma\.vscode\extensions\redhat.java-1.42.0-win32-x64\jre\21.0.7-win32-x86_64\bin\server\jvm.dll
0x00007ff84d170000 - 0x00007ff84d221000 	C:\WINDOWS\System32\ADVAPI32.dll
0x00007ff84ed10000 - 0x00007ff84edb7000 	C:\WINDOWS\System32\sechost.dll
0x00007ff84c3e0000 - 0x00007ff84c408000 	C:\WINDOWS\System32\bcrypt.dll
0x00007ff84ea50000 - 0x00007ff84eb64000 	C:\WINDOWS\System32\RPCRT4.dll
0x00007ff84dc30000 - 0x00007ff84dca1000 	C:\WINDOWS\System32\WS2_32.dll
0x00007ff84aef0000 - 0x00007ff84af3d000 	C:\WINDOWS\SYSTEM32\POWRPROF.dll
0x00007ff845fa0000 - 0x00007ff845fd4000 	C:\WINDOWS\SYSTEM32\WINMM.dll
0x00007ff845af0000 - 0x00007ff845afa000 	C:\WINDOWS\SYSTEM32\VERSION.dll
0x00007ff84aed0000 - 0x00007ff84aee3000 	C:\WINDOWS\SYSTEM32\UMPDC.dll
0x00007ff84b1a0000 - 0x00007ff84b1b8000 	C:\WINDOWS\SYSTEM32\kernel.appcore.dll
0x00007ff845820000 - 0x00007ff84582a000 	c:\Users\talma\.vscode\extensions\redhat.java-1.42.0-win32-x64\jre\21.0.7-win32-x86_64\bin\jimage.dll
0x00007ff849110000 - 0x00007ff849342000 	C:\WINDOWS\SYSTEM32\DBGHELP.DLL
0x00007ff84d450000 - 0x00007ff84d7e3000 	C:\WINDOWS\System32\combase.dll
0x00007ff84cd80000 - 0x00007ff84ce57000 	C:\WINDOWS\System32\OLEAUT32.dll
0x00007ff844fa0000 - 0x00007ff844fd2000 	C:\WINDOWS\SYSTEM32\dbgcore.DLL
0x00007ff84c6c0000 - 0x00007ff84c73b000 	C:\WINDOWS\System32\bcryptPrimitives.dll
0x00007ff844230000 - 0x00007ff84423f000 	c:\Users\talma\.vscode\extensions\redhat.java-1.42.0-win32-x64\jre\21.0.7-win32-x86_64\bin\instrument.dll
0x00007ff834080000 - 0x00007ff83409f000 	c:\Users\talma\.vscode\extensions\redhat.java-1.42.0-win32-x64\jre\21.0.7-win32-x86_64\bin\java.dll
0x00007ff84e190000 - 0x00007ff84ea2d000 	C:\WINDOWS\System32\SHELL32.dll
0x00007ff84c410000 - 0x00007ff84c54f000 	C:\WINDOWS\System32\wintypes.dll
0x00007ff849fa0000 - 0x00007ff84a8bd000 	C:\WINDOWS\SYSTEM32\windows.storage.dll
0x00007ff84eb70000 - 0x00007ff84ec7b000 	C:\WINDOWS\System32\SHCORE.dll
0x00007ff84ec80000 - 0x00007ff84ece6000 	C:\WINDOWS\System32\shlwapi.dll
0x00007ff84bfd0000 - 0x00007ff84bffb000 	C:\WINDOWS\SYSTEM32\profapi.dll
0x00007ff834060000 - 0x00007ff834078000 	c:\Users\talma\.vscode\extensions\redhat.java-1.42.0-win32-x64\jre\21.0.7-win32-x86_64\bin\zip.dll
0x00007ff843990000 - 0x00007ff8439a0000 	C:\Users\talma\.vscode\extensions\redhat.java-1.42.0-win32-x64\jre\21.0.7-win32-x86_64\bin\net.dll
0x00007ff846720000 - 0x00007ff84684c000 	C:\WINDOWS\SYSTEM32\WINHTTP.dll
0x00007ff84b630000 - 0x00007ff84b69a000 	C:\WINDOWS\system32\mswsock.dll
0x00007ff833f30000 - 0x00007ff833f46000 	C:\Users\talma\.vscode\extensions\redhat.java-1.42.0-win32-x64\jre\21.0.7-win32-x86_64\bin\nio.dll
0x00007ff8430d0000 - 0x00007ff8430e0000 	c:\Users\talma\.vscode\extensions\redhat.java-1.42.0-win32-x64\jre\21.0.7-win32-x86_64\bin\verify.dll
0x00007ff823cc0000 - 0x00007ff823d05000 	C:\Users\talma\AppData\Roaming\Code\User\globalStorage\redhat.java\1.42.0\config_win\org.eclipse.equinox.launcher\org.eclipse.equinox.launcher.win32.win32.x86_64_1.2.1300.v20250331-1702\eclipse_11911.dll
0x00007ff84cfc0000 - 0x00007ff84d161000 	C:\WINDOWS\System32\ole32.dll

dbghelp: loaded successfully - version: 4.0.5 - missing functions: none
symbol engine: initialized successfully - sym options: 0x614 - pdb path: .;c:\Users\talma\.vscode\extensions\redhat.java-1.42.0-win32-x64\jre\21.0.7-win32-x86_64\bin;C:\WINDOWS\SYSTEM32;C:\WINDOWS\WinSxS\amd64_microsoft.windows.common-controls_6595b64144ccf1df_6.0.22621.5262_none_2712bde373830908;c:\Users\talma\.vscode\extensions\redhat.java-1.42.0-win32-x64\jre\21.0.7-win32-x86_64\bin\server;C:\Users\talma\AppData\Roaming\Code\User\globalStorage\redhat.java\1.42.0\config_win\org.eclipse.equinox.launcher\org.eclipse.equinox.launcher.win32.win32.x86_64_1.2.1300.v20250331-1702

VM Arguments:
jvm_args: --add-modules=ALL-SYSTEM --add-opens=java.base/java.util=ALL-UNNAMED --add-opens=java.base/java.lang=ALL-UNNAMED --add-opens=java.base/sun.nio.fs=ALL-UNNAMED -Declipse.application=org.eclipse.jdt.ls.core.id1 -Dosgi.bundles.defaultStartLevel=4 -Declipse.product=org.eclipse.jdt.ls.core.product -Djava.import.generatesMetadataFilesAtProjectRoot=false -DDetectVMInstallationsJob.disabled=true -Dfile.encoding=utf8 -XX:+UseParallelGC -XX:GCTimeRatio=4 -XX:AdaptiveSizePolicyWeight=90 -Dsun.zip.disableMemoryMapping=true -Xmx1G -Xms100m -Xlog:disable -javaagent:c:\Users\talma\.vscode\extensions\redhat.java-1.42.0-win32-x64\lombok\lombok-1.18.36.jar -XX:+HeapDumpOnOutOfMemoryError -XX:HeapDumpPath=c:\Users\talma\AppData\Roaming\Code\User\workspaceStorage\485b52dae3da986b19eea8159435ec2a\redhat.java -Daether.dependencyCollector.impl=bf 
java_command: c:\Users\talma\.vscode\extensions\redhat.java-1.42.0-win32-x64\server\plugins\org.eclipse.equinox.launcher_1.7.0.v20250424-1814.jar -configuration c:\Users\talma\AppData\Roaming\Code\User\globalStorage\redhat.java\1.42.0\config_win -data c:\Users\talma\AppData\Roaming\Code\User\workspaceStorage\485b52dae3da986b19eea8159435ec2a\redhat.java\jdt_ws --pipe=\\.\pipe\lsp-38c9efed93c9c0ef8907cdfa124e83b0-sock
java_class_path (initial): c:\Users\talma\.vscode\extensions\redhat.java-1.42.0-win32-x64\server\plugins\org.eclipse.equinox.launcher_1.7.0.v20250424-1814.jar
Launcher Type: SUN_STANDARD

[Global flags]
    uintx AdaptiveSizePolicyWeight                 = 90                                        {product} {command line}
     intx CICompilerCount                          = 4                                         {product} {ergonomic}
    uintx GCTimeRatio                              = 4                                         {product} {command line}
     bool HeapDumpOnOutOfMemoryError               = true                                   {manageable} {command line}
    ccstr HeapDumpPath                             = c:\Users\talma\AppData\Roaming\Code\User\workspaceStorage\485b52dae3da986b19eea8159435ec2a\redhat.java         {manageable} {command line}
   size_t InitialHeapSize                          = 104857600                                 {product} {command line}
   size_t MaxHeapSize                              = 1073741824                                {product} {command line}
   size_t MaxNewSize                               = 357564416                                 {product} {ergonomic}
   size_t MinHeapDeltaBytes                        = 524288                                    {product} {ergonomic}
   size_t MinHeapSize                              = 104857600                                 {product} {command line}
   size_t NewSize                                  = 34603008                                  {product} {ergonomic}
    uintx NonNMethodCodeHeapSize                   = 5839372                                {pd product} {ergonomic}
    uintx NonProfiledCodeHeapSize                  = 122909434                              {pd product} {ergonomic}
   size_t OldSize                                  = 70254592                                  {product} {ergonomic}
    uintx ProfiledCodeHeapSize                     = 122909434                              {pd product} {ergonomic}
    uintx ReservedCodeCacheSize                    = 251658240                              {pd product} {ergonomic}
     bool SegmentedCodeCache                       = true                                      {product} {ergonomic}
   size_t SoftMaxHeapSize                          = 1073741824                             {manageable} {ergonomic}
     bool UseCompressedOops                        = true                           {product lp64_product} {ergonomic}
     bool UseLargePagesIndividualAllocation        = false                                  {pd product} {ergonomic}
     bool UseParallelGC                            = true                                      {product} {command line}

Logging:
Log output configuration:
 #0: stdout all=off uptime,level,tags foldmultilines=false
 #1: stderr all=off uptime,level,tags foldmultilines=false

Environment Variables:
JAVA_HOME=C:\Program Files\Java\jdk-17
PATH=C:\Users\talma\AppData\Local\Programs\Python\Python313\Scripts;C:\Users\talma\AppData\Local\Programs\Python\Python313;C:\Program Files\Common Files\Oracle\Java\javapath;C:\Program Files (x86)\Common Files\Oracle\Java\java8path;C:\Program Files (x86)\Common Files\Oracle\Java\javapath;C:\ProgramData\Anaconda3;C:\ProgramData\Anaconda3\Library\mingw-w64\bin;C:\ProgramData\Anaconda3\Library\usr\bin;C:\ProgramData\Anaconda3\Library\bin;C:\ProgramData\Anaconda3\Scripts;C:\WINDOWS\system32;C:\WINDOWS;C:\WINDOWS\System32\Wbem;C:\WINDOWS\System32\WindowsPowerShell\v1.0\;C:\WINDOWS\System32\OpenSSH\;C:\Program Files\apache-ant-1.10.12\bin;C:\WINDOWS\system32;C:\WINDOWS;C:\WINDOWS\System32\Wbem;C:\WINDOWS\System32\WindowsPowerShell\v1.0\;C:\WINDOWS\System32\OpenSSH\;C:\Program Files\nodejs\;C:\Program Files\Git\cmd;C:\Program Files\Java\jdk-17;C:\Program Files\dotnet\;C:\Program Files\Docker\Docker\resources\bin;C:\Program Files\Graphviz\bin;C:\Users\talma\AppData\Local\Programs\Python\Python313\Scripts\;C:\Users\talma\AppData\Local\Programs\Python\Python313\;C:\Users\talma\AppData\Local\Programs\Python\Launcher\;C:\Program Files (x86)\SQLite;C:\Users\talma\AppData\Local\Microsoft\WindowsApps;C:\Users\talma\AppData\Local\Programs\Microsoft VS Code\bin;C:\Users\talma\AppData\Roaming\npm;C:\msys64\mingw64\bin;C:\Users\talma\.dotnet\tools;C:\Users\talma\AppData\Local\GitHubDesktop\bin;C:\Program Files\Maven\apache-maven-3.9.9\bin;C:\Users\talma\AppData\Local\Microsoft\WinGet\Packages\Gyan.FFmpeg.Essentials_Microsoft.Winget.Source_8wekyb3d8bbwe\ffmpeg-7.1.1-essentials_build/bin;
USERNAME=talma
OS=Windows_NT
PROCESSOR_IDENTIFIER=Intel64 Family 6 Model 142 Stepping 12, GenuineIntel
TMP=C:\Users\talma\AppData\Local\Temp
TEMP=C:\Users\talma\AppData\Local\Temp




Periodic native trim disabled

---------------  S Y S T E M  ---------------

OS:
 Windows 11 , 64 bit Build 22621 (10.0.22621.5262)
OS uptime: 6 days 6:44 hours
Hyper-V role detected

CPU: total 8 (initial active 8) (4 cores per cpu, 2 threads per core) family 6 model 142 stepping 12 microcode 0xde, cx8, cmov, fxsr, ht, mmx, 3dnowpref, sse, sse2, sse3, ssse3, sse4.1, sse4.2, popcnt, lzcnt, tsc, tscinvbit, avx, avx2, aes, erms, clmul, bmi1, bmi2, adx, fma, vzeroupper, clflush, clflushopt, hv, rdtscp, f16c
Processor Information for the first 8 processors :
  Max Mhz: 2112, Current Mhz: 1609, Mhz Limit: 1605

Memory: 4k page, system-wide physical 8025M (463M free)
TotalPageFile size 32601M (AvailPageFile size 68M)
current process WorkingSet (physical memory assigned to process): 118M, peak: 118M
current process commit charge ("private bytes"): 224M, peak: 224M

vm_info: OpenJDK 64-Bit Server VM (21.0.7+6-LTS) for windows-amd64 JRE (21.0.7+6-LTS), built on 2025-04-15T00:00:00Z by "admin" with MS VC++ 17.7 (VS2022)

END.
