#
# There is insufficient memory for the Java Runtime Environment to continue.
# Native memory allocation (malloc) failed to allocate 64176 bytes for Chunk::new
# Possible reasons:
#   The system is out of physical RAM or swap space
#   The process is running with CompressedOops enabled, and the Java Heap may be blocking the growth of the native heap
# Possible solutions:
#   Reduce memory load on the system
#   Increase physical memory or swap space
#   Check if swap backing store is full
#   Decrease Java heap size (-Xmx/-Xms)
#   Decrease number of Java threads
#   Decrease Java thread stack sizes (-Xss)
#   Set larger code cache with -XX:ReservedCodeCacheSize=
#   JVM is running with Unscaled Compressed Oops mode in which the Java heap is
#     placed in the first 4GB address space. The Java Heap base address is the
#     maximum limit for the native heap growth. Please use -XX:HeapBaseMinAddress
#     to set the Java Heap base and to place the Java Heap above 4GB virtual address.
# This output file may be truncated or incomplete.
#
#  Out of Memory Error (arena.cpp:189), pid=4312, tid=5356
#
# JRE version: Java(TM) SE Runtime Environment (17.0.6+9) (build 17.0.6+9-LTS-190)
# Java VM: Java HotSpot(TM) 64-Bit Server VM (17.0.6+9-LTS-190, mixed mode, sharing, tiered, compressed oops, compressed class ptrs, g1 gc, windows-amd64)
# No core dump will be written. Minidumps are not enabled by default on client versions of Windows
#

---------------  S U M M A R Y ------------

Command Line: -ea -XX:+ShowCodeDetailsInExceptionMessages -Dfile.encoding=UTF-8 org.eclipse.jdt.internal.junit.runner.RemoteTestRunner -version 3 -port 53613 -testLoaderClass org.eclipse.jdt.internal.junit5.runner.JUnit5TestLoader -loaderpluginname org.eclipse.jdt.junit5.runtime -testNameFile C:\Users\talma\AppData\Local\Temp\testNames2692535984805153415.txt

Host: Intel(R) Core(TM) i5-10210U CPU @ 1.60GHz, 8 cores, 7G,  Windows 11 , 64 bit Build 22621 (10.0.22621.5262)
Time: Tue May 13 17:39:47 2025 Jerusalem Daylight Time elapsed time: 0.559267 seconds (0d 0h 0m 0s)

---------------  T H R E A D  ---------------

Current thread (0x000001dbd3073fd0):  JavaThread "C2 CompilerThread1" daemon [_thread_in_native, id=5356, stack(0x00000023cb400000,0x00000023cb500000)]


Current CompileTask:
C2:    559  495   !   4       jdk.internal.loader.URLClassPath$JarLoader::getResource (65 bytes)

Stack: [0x00000023cb400000,0x00000023cb500000]
Native frames: (J=compiled Java code, j=interpreted, Vv=VM code, C=native code)
V  [jvm.dll+0x6734ea]
V  [jvm.dll+0x7d18f4]
V  [jvm.dll+0x7d309e]
V  [jvm.dll+0x7d3703]
V  [jvm.dll+0x2433c5]
V  [jvm.dll+0xaa46b]
V  [jvm.dll+0xaaa0c]
V  [jvm.dll+0x55d4bb]
V  [jvm.dll+0x1b9690]
V  [jvm.dll+0x215f37]
V  [jvm.dll+0x215211]
V  [jvm.dll+0x1a1730]
V  [jvm.dll+0x224b6e]
V  [jvm.dll+0x222f15]
V  [jvm.dll+0x78753c]
V  [jvm.dll+0x781a7a]
V  [jvm.dll+0x672375]
C  [ucrtbase.dll+0x29333]
C  [KERNEL32.DLL+0x1259d]
C  [ntdll.dll+0x5af58]


---------------  P R O C E S S  ---------------

Threads class SMR info:
_java_thread_list=0x000001dbd2e90180, length=13, elements={
0x000001dbb202d220, 0x000001dbd1ec4d70, 0x000001dbd1ec5be0, 0x000001dbd1edcd90,
0x000001dbd1edd840, 0x000001dbd1ede1f0, 0x000001dbd1edeba0, 0x000001dbd1ee5970,
0x000001dbd2c08140, 0x000001dbd2c28b40, 0x000001dbd2e909e0, 0x000001dbd2e55520,
0x000001dbd3073fd0
}

Java Threads: ( => current thread )
  0x000001dbb202d220 JavaThread "main" [_thread_in_native, id=10556, stack(0x00000023ca100000,0x00000023ca200000)]
  0x000001dbd1ec4d70 JavaThread "Reference Handler" daemon [_thread_blocked, id=1004, stack(0x00000023ca800000,0x00000023ca900000)]
  0x000001dbd1ec5be0 JavaThread "Finalizer" daemon [_thread_blocked, id=23584, stack(0x00000023ca900000,0x00000023caa00000)]
  0x000001dbd1edcd90 JavaThread "Signal Dispatcher" daemon [_thread_blocked, id=24528, stack(0x00000023caa00000,0x00000023cab00000)]
  0x000001dbd1edd840 JavaThread "Attach Listener" daemon [_thread_blocked, id=24424, stack(0x00000023cab00000,0x00000023cac00000)]
  0x000001dbd1ede1f0 JavaThread "Service Thread" daemon [_thread_blocked, id=10804, stack(0x00000023cac00000,0x00000023cad00000)]
  0x000001dbd1edeba0 JavaThread "Monitor Deflation Thread" daemon [_thread_blocked, id=24476, stack(0x00000023cad00000,0x00000023cae00000)]
  0x000001dbd1ee5970 JavaThread "C2 CompilerThread0" daemon [_thread_blocked, id=3984, stack(0x00000023cae00000,0x00000023caf00000)]
  0x000001dbd2c08140 JavaThread "C1 CompilerThread0" daemon [_thread_blocked, id=6140, stack(0x00000023caf00000,0x00000023cb000000)]
  0x000001dbd2c28b40 JavaThread "Sweeper thread" daemon [_thread_blocked, id=11756, stack(0x00000023cb000000,0x00000023cb100000)]
  0x000001dbd2e909e0 JavaThread "Notification Thread" daemon [_thread_blocked, id=16644, stack(0x00000023cb100000,0x00000023cb200000)]
  0x000001dbd2e55520 JavaThread "Common-Cleaner" daemon [_thread_blocked, id=23224, stack(0x00000023cb300000,0x00000023cb400000)]
=>0x000001dbd3073fd0 JavaThread "C2 CompilerThread1" daemon [_thread_in_native, id=5356, stack(0x00000023cb400000,0x00000023cb500000)]

Other Threads:
  0x000001dbd1ebf160 VMThread "VM Thread" [stack: 0x00000023ca700000,0x00000023ca800000] [id=12064]
  0x000001dbb42005b0 WatcherThread [stack: 0x00000023cb200000,0x00000023cb300000] [id=12732]
  0x000001dbb41e9110 GCTaskThread "GC Thread#0" [stack: 0x00000023ca200000,0x00000023ca300000] [id=14888]
  0x000001dbb41f9b50 ConcurrentGCThread "G1 Main Marker" [stack: 0x00000023ca300000,0x00000023ca400000] [id=9892]
  0x000001dbb41fa560 ConcurrentGCThread "G1 Conc#0" [stack: 0x00000023ca400000,0x00000023ca500000] [id=25344]
  0x000001dbb422dd30 ConcurrentGCThread "G1 Refine#0" [stack: 0x00000023ca500000,0x00000023ca600000] [id=22068]
  0x000001dbb422e750 ConcurrentGCThread "G1 Service" [stack: 0x00000023ca600000,0x00000023ca700000] [id=18864]

Threads with active compile tasks:
C2 CompilerThread1      586  495   !   4       jdk.internal.loader.URLClassPath$JarLoader::getResource (65 bytes)

VM state: not at safepoint (normal execution)

VM Mutex/Monitor currently owned by a thread: None

Heap address: 0x0000000082800000, size: 2008 MB, Compressed Oops mode: 32-bit

CDS archive(s) mapped at: [0x0000000800000000-0x0000000800bd0000-0x0000000800bd0000), size 12386304, SharedBaseAddress: 0x0000000800000000, ArchiveRelocationMode: 0.
Compressed class space mapped at: 0x0000000800c00000-0x0000000840c00000, reserved size: 1073741824
Narrow klass base: 0x0000000800000000, Narrow klass shift: 0, Narrow klass range: 0x100000000

GC Precious Log:
 CPUs: 8 total, 8 available
 Memory: 8025M
 Large Page Support: Disabled
 NUMA Support: Disabled
 Compressed Oops: Enabled (32-bit)
 Heap Region Size: 1M
 Heap Min Capacity: 8M
 Heap Initial Capacity: 126M
 Heap Max Capacity: 2008M
 Pre-touch: Disabled
 Parallel Workers: 8
 Concurrent Workers: 2
 Concurrent Refinement Workers: 8
 Periodic GC: Disabled

Heap:
 garbage-first heap   total 129024K, used 12288K [0x0000000082800000, 0x0000000100000000)
  region size 1024K, 13 young (13312K), 0 survivors (0K)
 Metaspace       used 928K, committed 1024K, reserved 1056768K
  class space    used 58K, committed 128K, reserved 1048576K

Heap Regions: E=young(eden), S=young(survivor), O=old, HS=humongous(starts), HC=humongous(continues), CS=collection set, F=free, OA=open archive, CA=closed archive, TAMS=top-at-mark-start (previous, next)
|   0|0x0000000082800000, 0x0000000082900000, 0x0000000082900000|100%|HS|  |TAMS 0x0000000082800000, 0x0000000082800000| Complete 
|   1|0x0000000082900000, 0x0000000082900000, 0x0000000082a00000|  0%| F|  |TAMS 0x0000000082900000, 0x0000000082900000| Untracked 
|   2|0x0000000082a00000, 0x0000000082a00000, 0x0000000082b00000|  0%| F|  |TAMS 0x0000000082a00000, 0x0000000082a00000| Untracked 
|   3|0x0000000082b00000, 0x0000000082b00000, 0x0000000082c00000|  0%| F|  |TAMS 0x0000000082b00000, 0x0000000082b00000| Untracked 
|   4|0x0000000082c00000, 0x0000000082c00000, 0x0000000082d00000|  0%| F|  |TAMS 0x0000000082c00000, 0x0000000082c00000| Untracked 
|   5|0x0000000082d00000, 0x0000000082d00000, 0x0000000082e00000|  0%| F|  |TAMS 0x0000000082d00000, 0x0000000082d00000| Untracked 
|   6|0x0000000082e00000, 0x0000000082e00000, 0x0000000082f00000|  0%| F|  |TAMS 0x0000000082e00000, 0x0000000082e00000| Untracked 
|   7|0x0000000082f00000, 0x0000000082f00000, 0x0000000083000000|  0%| F|  |TAMS 0x0000000082f00000, 0x0000000082f00000| Untracked 
|   8|0x0000000083000000, 0x0000000083000000, 0x0000000083100000|  0%| F|  |TAMS 0x0000000083000000, 0x0000000083000000| Untracked 
|   9|0x0000000083100000, 0x0000000083100000, 0x0000000083200000|  0%| F|  |TAMS 0x0000000083100000, 0x0000000083100000| Untracked 
|  10|0x0000000083200000, 0x0000000083200000, 0x0000000083300000|  0%| F|  |TAMS 0x0000000083200000, 0x0000000083200000| Untracked 
|  11|0x0000000083300000, 0x0000000083300000, 0x0000000083400000|  0%| F|  |TAMS 0x0000000083300000, 0x0000000083300000| Untracked 
|  12|0x0000000083400000, 0x0000000083400000, 0x0000000083500000|  0%| F|  |TAMS 0x0000000083400000, 0x0000000083400000| Untracked 
|  13|0x0000000083500000, 0x0000000083500000, 0x0000000083600000|  0%| F|  |TAMS 0x0000000083500000, 0x0000000083500000| Untracked 
|  14|0x0000000083600000, 0x0000000083600000, 0x0000000083700000|  0%| F|  |TAMS 0x0000000083600000, 0x0000000083600000| Untracked 
|  15|0x0000000083700000, 0x0000000083700000, 0x0000000083800000|  0%| F|  |TAMS 0x0000000083700000, 0x0000000083700000| Untracked 
|  16|0x0000000083800000, 0x0000000083800000, 0x0000000083900000|  0%| F|  |TAMS 0x0000000083800000, 0x0000000083800000| Untracked 
|  17|0x0000000083900000, 0x0000000083900000, 0x0000000083a00000|  0%| F|  |TAMS 0x0000000083900000, 0x0000000083900000| Untracked 
|  18|0x0000000083a00000, 0x0000000083a00000, 0x0000000083b00000|  0%| F|  |TAMS 0x0000000083a00000, 0x0000000083a00000| Untracked 
|  19|0x0000000083b00000, 0x0000000083b00000, 0x0000000083c00000|  0%| F|  |TAMS 0x0000000083b00000, 0x0000000083b00000| Untracked 
|  20|0x0000000083c00000, 0x0000000083c00000, 0x0000000083d00000|  0%| F|  |TAMS 0x0000000083c00000, 0x0000000083c00000| Untracked 
|  21|0x0000000083d00000, 0x0000000083d00000, 0x0000000083e00000|  0%| F|  |TAMS 0x0000000083d00000, 0x0000000083d00000| Untracked 
|  22|0x0000000083e00000, 0x0000000083e00000, 0x0000000083f00000|  0%| F|  |TAMS 0x0000000083e00000, 0x0000000083e00000| Untracked 
|  23|0x0000000083f00000, 0x0000000083f00000, 0x0000000084000000|  0%| F|  |TAMS 0x0000000083f00000, 0x0000000083f00000| Untracked 
|  24|0x0000000084000000, 0x0000000084000000, 0x0000000084100000|  0%| F|  |TAMS 0x0000000084000000, 0x0000000084000000| Untracked 
|  25|0x0000000084100000, 0x0000000084100000, 0x0000000084200000|  0%| F|  |TAMS 0x0000000084100000, 0x0000000084100000| Untracked 
|  26|0x0000000084200000, 0x0000000084200000, 0x0000000084300000|  0%| F|  |TAMS 0x0000000084200000, 0x0000000084200000| Untracked 
|  27|0x0000000084300000, 0x0000000084300000, 0x0000000084400000|  0%| F|  |TAMS 0x0000000084300000, 0x0000000084300000| Untracked 
|  28|0x0000000084400000, 0x0000000084400000, 0x0000000084500000|  0%| F|  |TAMS 0x0000000084400000, 0x0000000084400000| Untracked 
|  29|0x0000000084500000, 0x0000000084500000, 0x0000000084600000|  0%| F|  |TAMS 0x0000000084500000, 0x0000000084500000| Untracked 
|  30|0x0000000084600000, 0x0000000084600000, 0x0000000084700000|  0%| F|  |TAMS 0x0000000084600000, 0x0000000084600000| Untracked 
|  31|0x0000000084700000, 0x0000000084700000, 0x0000000084800000|  0%| F|  |TAMS 0x0000000084700000, 0x0000000084700000| Untracked 
|  32|0x0000000084800000, 0x0000000084800000, 0x0000000084900000|  0%| F|  |TAMS 0x0000000084800000, 0x0000000084800000| Untracked 
|  33|0x0000000084900000, 0x0000000084900000, 0x0000000084a00000|  0%| F|  |TAMS 0x0000000084900000, 0x0000000084900000| Untracked 
|  34|0x0000000084a00000, 0x0000000084a00000, 0x0000000084b00000|  0%| F|  |TAMS 0x0000000084a00000, 0x0000000084a00000| Untracked 
|  35|0x0000000084b00000, 0x0000000084b00000, 0x0000000084c00000|  0%| F|  |TAMS 0x0000000084b00000, 0x0000000084b00000| Untracked 
|  36|0x0000000084c00000, 0x0000000084c00000, 0x0000000084d00000|  0%| F|  |TAMS 0x0000000084c00000, 0x0000000084c00000| Untracked 
|  37|0x0000000084d00000, 0x0000000084d00000, 0x0000000084e00000|  0%| F|  |TAMS 0x0000000084d00000, 0x0000000084d00000| Untracked 
|  38|0x0000000084e00000, 0x0000000084e00000, 0x0000000084f00000|  0%| F|  |TAMS 0x0000000084e00000, 0x0000000084e00000| Untracked 
|  39|0x0000000084f00000, 0x0000000084f00000, 0x0000000085000000|  0%| F|  |TAMS 0x0000000084f00000, 0x0000000084f00000| Untracked 
|  40|0x0000000085000000, 0x0000000085000000, 0x0000000085100000|  0%| F|  |TAMS 0x0000000085000000, 0x0000000085000000| Untracked 
|  41|0x0000000085100000, 0x0000000085100000, 0x0000000085200000|  0%| F|  |TAMS 0x0000000085100000, 0x0000000085100000| Untracked 
|  42|0x0000000085200000, 0x0000000085200000, 0x0000000085300000|  0%| F|  |TAMS 0x0000000085200000, 0x0000000085200000| Untracked 
|  43|0x0000000085300000, 0x0000000085300000, 0x0000000085400000|  0%| F|  |TAMS 0x0000000085300000, 0x0000000085300000| Untracked 
|  44|0x0000000085400000, 0x0000000085400000, 0x0000000085500000|  0%| F|  |TAMS 0x0000000085400000, 0x0000000085400000| Untracked 
|  45|0x0000000085500000, 0x0000000085500000, 0x0000000085600000|  0%| F|  |TAMS 0x0000000085500000, 0x0000000085500000| Untracked 
|  46|0x0000000085600000, 0x0000000085600000, 0x0000000085700000|  0%| F|  |TAMS 0x0000000085600000, 0x0000000085600000| Untracked 
|  47|0x0000000085700000, 0x0000000085700000, 0x0000000085800000|  0%| F|  |TAMS 0x0000000085700000, 0x0000000085700000| Untracked 
|  48|0x0000000085800000, 0x0000000085800000, 0x0000000085900000|  0%| F|  |TAMS 0x0000000085800000, 0x0000000085800000| Untracked 
|  49|0x0000000085900000, 0x0000000085900000, 0x0000000085a00000|  0%| F|  |TAMS 0x0000000085900000, 0x0000000085900000| Untracked 
|  50|0x0000000085a00000, 0x0000000085a00000, 0x0000000085b00000|  0%| F|  |TAMS 0x0000000085a00000, 0x0000000085a00000| Untracked 
|  51|0x0000000085b00000, 0x0000000085b00000, 0x0000000085c00000|  0%| F|  |TAMS 0x0000000085b00000, 0x0000000085b00000| Untracked 
|  52|0x0000000085c00000, 0x0000000085c00000, 0x0000000085d00000|  0%| F|  |TAMS 0x0000000085c00000, 0x0000000085c00000| Untracked 
|  53|0x0000000085d00000, 0x0000000085d00000, 0x0000000085e00000|  0%| F|  |TAMS 0x0000000085d00000, 0x0000000085d00000| Untracked 
|  54|0x0000000085e00000, 0x0000000085e00000, 0x0000000085f00000|  0%| F|  |TAMS 0x0000000085e00000, 0x0000000085e00000| Untracked 
|  55|0x0000000085f00000, 0x0000000085f00000, 0x0000000086000000|  0%| F|  |TAMS 0x0000000085f00000, 0x0000000085f00000| Untracked 
|  56|0x0000000086000000, 0x0000000086000000, 0x0000000086100000|  0%| F|  |TAMS 0x0000000086000000, 0x0000000086000000| Untracked 
|  57|0x0000000086100000, 0x0000000086100000, 0x0000000086200000|  0%| F|  |TAMS 0x0000000086100000, 0x0000000086100000| Untracked 
|  58|0x0000000086200000, 0x0000000086200000, 0x0000000086300000|  0%| F|  |TAMS 0x0000000086200000, 0x0000000086200000| Untracked 
|  59|0x0000000086300000, 0x0000000086300000, 0x0000000086400000|  0%| F|  |TAMS 0x0000000086300000, 0x0000000086300000| Untracked 
|  60|0x0000000086400000, 0x0000000086400000, 0x0000000086500000|  0%| F|  |TAMS 0x0000000086400000, 0x0000000086400000| Untracked 
|  61|0x0000000086500000, 0x0000000086500000, 0x0000000086600000|  0%| F|  |TAMS 0x0000000086500000, 0x0000000086500000| Untracked 
|  62|0x0000000086600000, 0x0000000086600000, 0x0000000086700000|  0%| F|  |TAMS 0x0000000086600000, 0x0000000086600000| Untracked 
|  63|0x0000000086700000, 0x0000000086700000, 0x0000000086800000|  0%| F|  |TAMS 0x0000000086700000, 0x0000000086700000| Untracked 
|  64|0x0000000086800000, 0x0000000086800000, 0x0000000086900000|  0%| F|  |TAMS 0x0000000086800000, 0x0000000086800000| Untracked 
|  65|0x0000000086900000, 0x0000000086900000, 0x0000000086a00000|  0%| F|  |TAMS 0x0000000086900000, 0x0000000086900000| Untracked 
|  66|0x0000000086a00000, 0x0000000086a00000, 0x0000000086b00000|  0%| F|  |TAMS 0x0000000086a00000, 0x0000000086a00000| Untracked 
|  67|0x0000000086b00000, 0x0000000086b00000, 0x0000000086c00000|  0%| F|  |TAMS 0x0000000086b00000, 0x0000000086b00000| Untracked 
|  68|0x0000000086c00000, 0x0000000086c00000, 0x0000000086d00000|  0%| F|  |TAMS 0x0000000086c00000, 0x0000000086c00000| Untracked 
|  69|0x0000000086d00000, 0x0000000086d00000, 0x0000000086e00000|  0%| F|  |TAMS 0x0000000086d00000, 0x0000000086d00000| Untracked 
|  70|0x0000000086e00000, 0x0000000086e00000, 0x0000000086f00000|  0%| F|  |TAMS 0x0000000086e00000, 0x0000000086e00000| Untracked 
|  71|0x0000000086f00000, 0x0000000086f00000, 0x0000000087000000|  0%| F|  |TAMS 0x0000000086f00000, 0x0000000086f00000| Untracked 
|  72|0x0000000087000000, 0x0000000087000000, 0x0000000087100000|  0%| F|  |TAMS 0x0000000087000000, 0x0000000087000000| Untracked 
|  73|0x0000000087100000, 0x0000000087100000, 0x0000000087200000|  0%| F|  |TAMS 0x0000000087100000, 0x0000000087100000| Untracked 
|  74|0x0000000087200000, 0x0000000087200000, 0x0000000087300000|  0%| F|  |TAMS 0x0000000087200000, 0x0000000087200000| Untracked 
|  75|0x0000000087300000, 0x0000000087300000, 0x0000000087400000|  0%| F|  |TAMS 0x0000000087300000, 0x0000000087300000| Untracked 
|  76|0x0000000087400000, 0x0000000087400000, 0x0000000087500000|  0%| F|  |TAMS 0x0000000087400000, 0x0000000087400000| Untracked 
|  77|0x0000000087500000, 0x0000000087500000, 0x0000000087600000|  0%| F|  |TAMS 0x0000000087500000, 0x0000000087500000| Untracked 
|  78|0x0000000087600000, 0x0000000087600000, 0x0000000087700000|  0%| F|  |TAMS 0x0000000087600000, 0x0000000087600000| Untracked 
|  79|0x0000000087700000, 0x0000000087700000, 0x0000000087800000|  0%| F|  |TAMS 0x0000000087700000, 0x0000000087700000| Untracked 
|  80|0x0000000087800000, 0x0000000087800000, 0x0000000087900000|  0%| F|  |TAMS 0x0000000087800000, 0x0000000087800000| Untracked 
|  81|0x0000000087900000, 0x0000000087900000, 0x0000000087a00000|  0%| F|  |TAMS 0x0000000087900000, 0x0000000087900000| Untracked 
|  82|0x0000000087a00000, 0x0000000087a00000, 0x0000000087b00000|  0%| F|  |TAMS 0x0000000087a00000, 0x0000000087a00000| Untracked 
|  83|0x0000000087b00000, 0x0000000087b00000, 0x0000000087c00000|  0%| F|  |TAMS 0x0000000087b00000, 0x0000000087b00000| Untracked 
|  84|0x0000000087c00000, 0x0000000087c00000, 0x0000000087d00000|  0%| F|  |TAMS 0x0000000087c00000, 0x0000000087c00000| Untracked 
|  85|0x0000000087d00000, 0x0000000087d00000, 0x0000000087e00000|  0%| F|  |TAMS 0x0000000087d00000, 0x0000000087d00000| Untracked 
|  86|0x0000000087e00000, 0x0000000087e00000, 0x0000000087f00000|  0%| F|  |TAMS 0x0000000087e00000, 0x0000000087e00000| Untracked 
|  87|0x0000000087f00000, 0x0000000087f00000, 0x0000000088000000|  0%| F|  |TAMS 0x0000000087f00000, 0x0000000087f00000| Untracked 
|  88|0x0000000088000000, 0x0000000088000000, 0x0000000088100000|  0%| F|  |TAMS 0x0000000088000000, 0x0000000088000000| Untracked 
|  89|0x0000000088100000, 0x0000000088100000, 0x0000000088200000|  0%| F|  |TAMS 0x0000000088100000, 0x0000000088100000| Untracked 
|  90|0x0000000088200000, 0x0000000088200000, 0x0000000088300000|  0%| F|  |TAMS 0x0000000088200000, 0x0000000088200000| Untracked 
|  91|0x0000000088300000, 0x0000000088300000, 0x0000000088400000|  0%| F|  |TAMS 0x0000000088300000, 0x0000000088300000| Untracked 
|  92|0x0000000088400000, 0x0000000088400000, 0x0000000088500000|  0%| F|  |TAMS 0x0000000088400000, 0x0000000088400000| Untracked 
|  93|0x0000000088500000, 0x0000000088500000, 0x0000000088600000|  0%| F|  |TAMS 0x0000000088500000, 0x0000000088500000| Untracked 
|  94|0x0000000088600000, 0x0000000088600000, 0x0000000088700000|  0%| F|  |TAMS 0x0000000088600000, 0x0000000088600000| Untracked 
|  95|0x0000000088700000, 0x0000000088700000, 0x0000000088800000|  0%| F|  |TAMS 0x0000000088700000, 0x0000000088700000| Untracked 
|  96|0x0000000088800000, 0x0000000088800000, 0x0000000088900000|  0%| F|  |TAMS 0x0000000088800000, 0x0000000088800000| Untracked 
|  97|0x0000000088900000, 0x0000000088900000, 0x0000000088a00000|  0%| F|  |TAMS 0x0000000088900000, 0x0000000088900000| Untracked 
|  98|0x0000000088a00000, 0x0000000088a00000, 0x0000000088b00000|  0%| F|  |TAMS 0x0000000088a00000, 0x0000000088a00000| Untracked 
|  99|0x0000000088b00000, 0x0000000088b00000, 0x0000000088c00000|  0%| F|  |TAMS 0x0000000088b00000, 0x0000000088b00000| Untracked 
| 100|0x0000000088c00000, 0x0000000088c00000, 0x0000000088d00000|  0%| F|  |TAMS 0x0000000088c00000, 0x0000000088c00000| Untracked 
| 101|0x0000000088d00000, 0x0000000088d00000, 0x0000000088e00000|  0%| F|  |TAMS 0x0000000088d00000, 0x0000000088d00000| Untracked 
| 102|0x0000000088e00000, 0x0000000088e00000, 0x0000000088f00000|  0%| F|  |TAMS 0x0000000088e00000, 0x0000000088e00000| Untracked 
| 103|0x0000000088f00000, 0x0000000088f00000, 0x0000000089000000|  0%| F|  |TAMS 0x0000000088f00000, 0x0000000088f00000| Untracked 
| 104|0x0000000089000000, 0x0000000089000000, 0x0000000089100000|  0%| F|  |TAMS 0x0000000089000000, 0x0000000089000000| Untracked 
| 105|0x0000000089100000, 0x0000000089100000, 0x0000000089200000|  0%| F|  |TAMS 0x0000000089100000, 0x0000000089100000| Untracked 
| 106|0x0000000089200000, 0x0000000089200000, 0x0000000089300000|  0%| F|  |TAMS 0x0000000089200000, 0x0000000089200000| Untracked 
| 107|0x0000000089300000, 0x0000000089300000, 0x0000000089400000|  0%| F|  |TAMS 0x0000000089300000, 0x0000000089300000| Untracked 
| 108|0x0000000089400000, 0x0000000089400000, 0x0000000089500000|  0%| F|  |TAMS 0x0000000089400000, 0x0000000089400000| Untracked 
| 109|0x0000000089500000, 0x0000000089500000, 0x0000000089600000|  0%| F|  |TAMS 0x0000000089500000, 0x0000000089500000| Untracked 
| 110|0x0000000089600000, 0x0000000089600000, 0x0000000089700000|  0%| F|  |TAMS 0x0000000089600000, 0x0000000089600000| Untracked 
| 111|0x0000000089700000, 0x0000000089700000, 0x0000000089800000|  0%| F|  |TAMS 0x0000000089700000, 0x0000000089700000| Untracked 
| 112|0x0000000089800000, 0x0000000089800000, 0x0000000089900000|  0%| F|  |TAMS 0x0000000089800000, 0x0000000089800000| Untracked 
| 113|0x0000000089900000, 0x00000000899ec140, 0x0000000089a00000| 92%| E|  |TAMS 0x0000000089900000, 0x0000000089900000| Complete 
| 114|0x0000000089a00000, 0x0000000089b00000, 0x0000000089b00000|100%| E|CS|TAMS 0x0000000089a00000, 0x0000000089a00000| Complete 
| 115|0x0000000089b00000, 0x0000000089c00000, 0x0000000089c00000|100%| E|CS|TAMS 0x0000000089b00000, 0x0000000089b00000| Complete 
| 116|0x0000000089c00000, 0x0000000089d00000, 0x0000000089d00000|100%| E|CS|TAMS 0x0000000089c00000, 0x0000000089c00000| Complete 
| 117|0x0000000089d00000, 0x0000000089e00000, 0x0000000089e00000|100%| E|  |TAMS 0x0000000089d00000, 0x0000000089d00000| Complete 
| 118|0x0000000089e00000, 0x0000000089f00000, 0x0000000089f00000|100%| E|CS|TAMS 0x0000000089e00000, 0x0000000089e00000| Complete 
| 119|0x0000000089f00000, 0x000000008a000000, 0x000000008a000000|100%| E|CS|TAMS 0x0000000089f00000, 0x0000000089f00000| Complete 
| 120|0x000000008a000000, 0x000000008a100000, 0x000000008a100000|100%| E|CS|TAMS 0x000000008a000000, 0x000000008a000000| Complete 
| 121|0x000000008a100000, 0x000000008a200000, 0x000000008a200000|100%| E|CS|TAMS 0x000000008a100000, 0x000000008a100000| Complete 
| 122|0x000000008a200000, 0x000000008a300000, 0x000000008a300000|100%| E|CS|TAMS 0x000000008a200000, 0x000000008a200000| Complete 
| 123|0x000000008a300000, 0x000000008a400000, 0x000000008a400000|100%| E|CS|TAMS 0x000000008a300000, 0x000000008a300000| Complete 
| 124|0x000000008a400000, 0x000000008a500000, 0x000000008a500000|100%| E|CS|TAMS 0x000000008a400000, 0x000000008a400000| Complete 
| 125|0x000000008a500000, 0x000000008a600000, 0x000000008a600000|100%| E|CS|TAMS 0x000000008a500000, 0x000000008a500000| Complete 

Card table byte_map: [0x000001dbcb100000,0x000001dbcb4f0000] _byte_map_base: 0x000001dbcacec000

Marking Bits (Prev, Next): (CMBitMap*) 0x000001dbb41e9720, (CMBitMap*) 0x000001dbb41e9760
 Prev Bits: [0x000001dbcb8e0000, 0x000001dbcd840000)
 Next Bits: [0x000001dbcd840000, 0x000001dbcf7a0000)

Polling page: 0x000001dbb20e0000

Metaspace:

Usage:
  Non-class:    869.92 KB used.
      Class:     58.13 KB used.
       Both:    928.05 KB used.

Virtual space:
  Non-class space:        8.00 MB reserved,     896.00 KB ( 11%) committed,  1 nodes.
      Class space:        1.00 GB reserved,     128.00 KB ( <1%) committed,  1 nodes.
             Both:        1.01 GB reserved,       1.00 MB ( <1%) committed. 

Chunk freelists:
   Non-Class:  3.81 MB
       Class:  3.72 MB
        Both:  7.53 MB

MaxMetaspaceSize: unlimited
CompressedClassSpaceSize: 1.00 GB
Initial GC threshold: 21.00 MB
Current GC threshold: 21.00 MB
CDS: on
MetaspaceReclaimPolicy: balanced
 - commit_granule_bytes: 65536.
 - commit_granule_words: 8192.
 - virtual_space_node_default_size: 1048576.
 - enlarge_chunks_in_place: 1.
 - new_chunks_are_fully_committed: 0.
 - uncommit_free_chunks: 1.
 - use_allocation_guard: 0.
 - handle_deallocations: 1.


Internal statistics:

num_allocs_failed_limit: 0.
num_arena_births: 10.
num_arena_deaths: 0.
num_vsnodes_births: 2.
num_vsnodes_deaths: 0.
num_space_committed: 16.
num_space_uncommitted: 0.
num_chunks_returned_to_freelist: 0.
num_chunks_taken_from_freelist: 24.
num_chunk_merges: 0.
num_chunk_splits: 14.
num_chunks_enlarged: 12.
num_purges: 0.
num_inconsistent_stats: 0.

CodeHeap 'non-profiled nmethods': size=120000Kb used=228Kb max_used=228Kb free=119771Kb
 bounds [0x000001dbc34b0000, 0x000001dbc3720000, 0x000001dbca9e0000]
CodeHeap 'profiled nmethods': size=120000Kb used=969Kb max_used=969Kb free=119030Kb
 bounds [0x000001dbbb9e0000, 0x000001dbbbc50000, 0x000001dbc2f10000]
CodeHeap 'non-nmethods': size=5760Kb used=1114Kb max_used=1140Kb free=4645Kb
 bounds [0x000001dbc2f10000, 0x000001dbc3180000, 0x000001dbc34b0000]
 total_blobs=916 nmethods=522 adapters=307
 compilation: enabled
              stopped_count=0, restarted_count=0
 full_count=0

Compilation events (20 events):
Event: 0.509 Thread 0x000001dbd2c08140  514       3       jdk.internal.org.objectweb.asm.SymbolTable::hash (10 bytes)
Event: 0.509 Thread 0x000001dbd2c08140 nmethod 514 0x000001dbbbabf090 code [0x000001dbbbabf220, 0x000001dbbbabf348]
Event: 0.511 Thread 0x000001dbd2c08140  516   !   3       jdk.internal.ref.PhantomCleanable::remove (60 bytes)
Event: 0.511 Thread 0x000001dbd2c08140 nmethod 516 0x000001dbbbabf410 code [0x000001dbbbabf5c0, 0x000001dbbbabf9d8]
Event: 0.512 Thread 0x000001dbd2c08140  517       3       java.lang.ref.Reference::clear (5 bytes)
Event: 0.512 Thread 0x000001dbd2c08140 nmethod 517 0x000001dbbbabfb90 code [0x000001dbbbabfd20, 0x000001dbbbabfe68]
Event: 0.513 Thread 0x000001dbd2c08140  518       3       java.lang.ClassLoader::checkName (37 bytes)
Event: 0.514 Thread 0x000001dbd2c08140 nmethod 518 0x000001dbbbabff10 code [0x000001dbbbac0160, 0x000001dbbbac0b38]
Event: 0.516 Thread 0x000001dbd2c08140  519       3       sun.net.www.protocol.file.Handler::parseURL (18 bytes)
Event: 0.516 Thread 0x000001dbd2c08140 nmethod 519 0x000001dbbbac0e90 code [0x000001dbbbac1040, 0x000001dbbbac11f8]
Event: 0.516 Thread 0x000001dbd2c08140  521       3       sun.net.www.ParseUtil::firstEncodeIndex (86 bytes)
Event: 0.517 Thread 0x000001dbd2c08140 nmethod 521 0x000001dbbbac1310 code [0x000001dbbbac1560, 0x000001dbbbac1f28]
Event: 0.517 Thread 0x000001dbd2c08140  520       3       java.net.URLStreamHandler::parseURL (1201 bytes)
Event: 0.544 Thread 0x000001dbd2c08140 nmethod 520 0x000001dbbbac2290 code [0x000001dbbbac33c0, 0x000001dbbbacd9e8]
Event: 0.544 Thread 0x000001dbd2c08140  523       3       java.net.URL::toString (5 bytes)
Event: 0.545 Thread 0x000001dbd2c08140 nmethod 523 0x000001dbbbad1910 code [0x000001dbbbad1ac0, 0x000001dbbbad1ce8]
Event: 0.545 Thread 0x000001dbd2c08140  522       3       java.lang.String::getChars (54 bytes)
Event: 0.545 Thread 0x000001dbd2c08140 nmethod 522 0x000001dbbbad1e10 code [0x000001dbbbad2000, 0x000001dbbbad2478]
Event: 0.551 Thread 0x000001dbd1ee5970 nmethod 493 0x000001dbc34e4690 code [0x000001dbc34e4920, 0x000001dbc34e6470]
Event: 0.552 Thread 0x000001dbd1ee5970  501   !   4       java.util.jar.JarFile::checkForSpecialAttributes (163 bytes)

GC Heap History (0 events):
No events

Deoptimization events (20 events):
Event: 0.295 Thread 0x000001dbb202d220 DEOPT PACKING pc=0x000001dbbba19668 sp=0x00000023ca1fdf40
Event: 0.295 Thread 0x000001dbb202d220 DEOPT UNPACKING pc=0x000001dbc2f62b43 sp=0x00000023ca1fd3d0 mode 0
Event: 0.299 Thread 0x000001dbb202d220 DEOPT PACKING pc=0x000001dbbba19668 sp=0x00000023ca1fdf40
Event: 0.299 Thread 0x000001dbb202d220 DEOPT UNPACKING pc=0x000001dbc2f62b43 sp=0x00000023ca1fd3d0 mode 0
Event: 0.323 Thread 0x000001dbb202d220 DEOPT PACKING pc=0x000001dbbba24572 sp=0x00000023ca1fde50
Event: 0.323 Thread 0x000001dbb202d220 DEOPT UNPACKING pc=0x000001dbc2f62b43 sp=0x00000023ca1fd310 mode 0
Event: 0.330 Thread 0x000001dbb202d220 Uncommon trap: trap_request=0xffffff45 fr.pc=0x000001dbc34c4614 relative=0x0000000000000194
Event: 0.330 Thread 0x000001dbb202d220 Uncommon trap: reason=unstable_if action=reinterpret pc=0x000001dbc34c4614 method=java.lang.StringCoding.hasNegatives([BII)Z @ 12 c2
Event: 0.330 Thread 0x000001dbb202d220 DEOPT PACKING pc=0x000001dbc34c4614 sp=0x00000023ca1fde40
Event: 0.330 Thread 0x000001dbb202d220 DEOPT UNPACKING pc=0x000001dbc2f623a3 sp=0x00000023ca1fddd0 mode 2
Event: 0.344 Thread 0x000001dbb202d220 DEOPT PACKING pc=0x000001dbbba80cd6 sp=0x00000023ca1fde40
Event: 0.344 Thread 0x000001dbb202d220 DEOPT UNPACKING pc=0x000001dbc2f62b43 sp=0x00000023ca1fd2c8 mode 0
Event: 0.397 Thread 0x000001dbb202d220 DEOPT PACKING pc=0x000001dbbb9eef3e sp=0x00000023ca1fe840
Event: 0.397 Thread 0x000001dbb202d220 DEOPT UNPACKING pc=0x000001dbc2f62b43 sp=0x00000023ca1fdce0 mode 0
Event: 0.414 Thread 0x000001dbb202d220 DEOPT PACKING pc=0x000001dbbb9ed1ad sp=0x00000023ca1fd0c0
Event: 0.414 Thread 0x000001dbb202d220 DEOPT UNPACKING pc=0x000001dbc2f62b43 sp=0x00000023ca1fc558 mode 0
Event: 0.417 Thread 0x000001dbb202d220 DEOPT PACKING pc=0x000001dbbba80cd6 sp=0x00000023ca1fd620
Event: 0.417 Thread 0x000001dbb202d220 DEOPT UNPACKING pc=0x000001dbc2f62b43 sp=0x00000023ca1fcaa8 mode 0
Event: 0.474 Thread 0x000001dbb202d220 DEOPT PACKING pc=0x000001dbbba93fe5 sp=0x00000023ca1fc3b0
Event: 0.474 Thread 0x000001dbb202d220 DEOPT UNPACKING pc=0x000001dbc2f62b43 sp=0x00000023ca1fb800 mode 0

Classes unloaded (0 events):
No events

Classes redefined (0 events):
No events

Internal exceptions (2 events):
Event: 0.479 Thread 0x000001dbb202d220 Exception <a 'java/lang/NoSuchMethodError'{0x0000000089ae0298}: 'void java.lang.invoke.DirectMethodHandle$Holder.invokeStatic(java.lang.Object, java.lang.Object, java.lang.Object)'> (0x0000000089ae0298) 
thrown [s\open\src\hotspot\share\interpreter\linkResolver.cpp, line 759]
Event: 0.542 Thread 0x000001dbb202d220 Exception <a 'java/lang/Error'{0x0000000089994e68}: IP Helper Library GetIpAddrTable function failed> (0x0000000089994e68) 
thrown [s\open\src\hotspot\share\prims\jni.cpp, line 535]

VM Operations (4 events):
Event: 0.210 Executing VM operation: HandshakeAllThreads
Event: 0.210 Executing VM operation: HandshakeAllThreads done
Event: 0.531 Executing VM operation: HandshakeAllThreads
Event: 0.531 Executing VM operation: HandshakeAllThreads done

Events (20 events):
Event: 0.357 loading class jdk/internal/loader/URLClassPath$FileLoader$1 done
Event: 0.381 loading class java/io/UnsupportedEncodingException
Event: 0.381 loading class java/io/IOException
Event: 0.381 loading class java/io/IOException done
Event: 0.381 loading class java/io/UnsupportedEncodingException done
Event: 0.381 loading class java/lang/InterruptedException
Event: 0.381 loading class java/lang/InterruptedException done
Event: 0.382 loading class java/io/StringWriter
Event: 0.382 loading class java/io/StringWriter done
Event: 0.465 Loaded shared library C:\Program Files\Java\jdk-17\bin\jimage.dll
Event: 0.475 loading class java/util/zip/ZipFile$ZipEntryIterator
Event: 0.475 loading class java/util/zip/ZipFile$ZipEntryIterator done
Event: 0.498 loading class java/lang/SecurityException
Event: 0.498 loading class java/lang/SecurityException done
Event: 0.527 loading class java/net/Socket
Event: 0.527 loading class java/net/Socket done
Event: 0.529 loading class java/net/InetSocketAddress
Event: 0.529 loading class java/net/SocketAddress
Event: 0.529 loading class java/net/SocketAddress done
Event: 0.529 loading class java/net/InetSocketAddress done


Dynamic libraries:
0x00007ff6e47e0000 - 0x00007ff6e47f0000 	C:\Program Files\Java\jdk-17\bin\java.exe
0x00007ffe4e7d0000 - 0x00007ffe4e9e7000 	C:\WINDOWS\SYSTEM32\ntdll.dll
0x00007ffe4d2f0000 - 0x00007ffe4d3b4000 	C:\WINDOWS\System32\KERNEL32.DLL
0x00007ffe4bb80000 - 0x00007ffe4bf53000 	C:\WINDOWS\System32\KERNELBASE.dll
0x00007ffe4ba30000 - 0x00007ffe4bb41000 	C:\WINDOWS\System32\ucrtbase.dll
0x00007ffe2c320000 - 0x00007ffe2c338000 	C:\Program Files\Java\jdk-17\bin\jli.dll
0x00007ffe3a010000 - 0x00007ffe3a02b000 	C:\Program Files\Java\jdk-17\bin\VCRUNTIME140.dll
0x00007ffe4d3c0000 - 0x00007ffe4d471000 	C:\WINDOWS\System32\ADVAPI32.dll
0x00007ffe4cab0000 - 0x00007ffe4cb57000 	C:\WINDOWS\System32\msvcrt.dll
0x00007ffe4e520000 - 0x00007ffe4e5c7000 	C:\WINDOWS\System32\sechost.dll
0x00007ffe4bb50000 - 0x00007ffe4bb78000 	C:\WINDOWS\System32\bcrypt.dll
0x00007ffe4e3b0000 - 0x00007ffe4e4c4000 	C:\WINDOWS\System32\RPCRT4.dll
0x00007ffe4c7c0000 - 0x00007ffe4c971000 	C:\WINDOWS\System32\USER32.dll
0x00007ffe4c3c0000 - 0x00007ffe4c3e6000 	C:\WINDOWS\System32\win32u.dll
0x00007ffe37b30000 - 0x00007ffe37dcb000 	C:\WINDOWS\WinSxS\amd64_microsoft.windows.common-controls_6595b64144ccf1df_6.0.22621.5262_none_2712bde373830908\COMCTL32.dll
0x00007ffe4da00000 - 0x00007ffe4da29000 	C:\WINDOWS\System32\GDI32.dll
0x00007ffe4c120000 - 0x00007ffe4c242000 	C:\WINDOWS\System32\gdi32full.dll
0x00007ffe4b8d0000 - 0x00007ffe4b96a000 	C:\WINDOWS\System32\msvcp_win.dll
0x00007ffe45250000 - 0x00007ffe4525a000 	C:\WINDOWS\SYSTEM32\VERSION.dll
0x00007ffe4e4e0000 - 0x00007ffe4e511000 	C:\WINDOWS\System32\IMM32.DLL
0x00007ffe2c3a0000 - 0x00007ffe2c3ac000 	C:\Program Files\Java\jdk-17\bin\vcruntime140_1.dll
0x00007ffe0bf70000 - 0x00007ffe0bffe000 	C:\Program Files\Java\jdk-17\bin\msvcp140.dll
0x00007ffd71cc0000 - 0x00007ffd72897000 	C:\Program Files\Java\jdk-17\bin\server\jvm.dll
0x00007ffe4e4d0000 - 0x00007ffe4e4d8000 	C:\WINDOWS\System32\PSAPI.DLL
0x00007ffe23150000 - 0x00007ffe23159000 	C:\WINDOWS\SYSTEM32\WSOCK32.dll
0x00007ffe4e2d0000 - 0x00007ffe4e341000 	C:\WINDOWS\System32\WS2_32.dll
0x00007ffe457f0000 - 0x00007ffe45824000 	C:\WINDOWS\SYSTEM32\WINMM.dll
0x00007ffe4a8d0000 - 0x00007ffe4a8e8000 	C:\WINDOWS\SYSTEM32\kernel.appcore.dll
0x00007ffe2a840000 - 0x00007ffe2a84a000 	C:\Program Files\Java\jdk-17\bin\jimage.dll
0x00007ffe49030000 - 0x00007ffe49262000 	C:\WINDOWS\SYSTEM32\DBGHELP.DLL
0x00007ffe4cf30000 - 0x00007ffe4d2c3000 	C:\WINDOWS\System32\combase.dll
0x00007ffe4c6e0000 - 0x00007ffe4c7b7000 	C:\WINDOWS\System32\OLEAUT32.dll
0x00007ffe1de30000 - 0x00007ffe1de62000 	C:\WINDOWS\SYSTEM32\dbgcore.DLL
0x00007ffe4c3f0000 - 0x00007ffe4c46b000 	C:\WINDOWS\System32\bcryptPrimitives.dll
0x00007ffe18b00000 - 0x00007ffe18b25000 	C:\Program Files\Java\jdk-17\bin\java.dll
0x00007ffe09450000 - 0x00007ffe09527000 	C:\Program Files\Java\jdk-17\bin\jsvml.dll
0x00007ffe4da30000 - 0x00007ffe4e2cd000 	C:\WINDOWS\System32\SHELL32.dll
0x00007ffe4bf60000 - 0x00007ffe4c09f000 	C:\WINDOWS\System32\wintypes.dll
0x00007ffe497c0000 - 0x00007ffe4a0dd000 	C:\WINDOWS\SYSTEM32\windows.storage.dll
0x00007ffe4c5d0000 - 0x00007ffe4c6db000 	C:\WINDOWS\System32\SHCORE.dll
0x00007ffe4c980000 - 0x00007ffe4c9e6000 	C:\WINDOWS\System32\shlwapi.dll
0x00007ffe4b800000 - 0x00007ffe4b82b000 	C:\WINDOWS\SYSTEM32\profapi.dll
0x00007ffe18a50000 - 0x00007ffe18a69000 	C:\Program Files\Java\jdk-17\bin\net.dll
0x00007ffe45c00000 - 0x00007ffe45d2c000 	C:\WINDOWS\SYSTEM32\WINHTTP.dll
0x00007ffe4ad70000 - 0x00007ffe4adda000 	C:\WINDOWS\system32\mswsock.dll
0x00007ffe18010000 - 0x00007ffe18026000 	C:\Program Files\Java\jdk-17\bin\nio.dll
0x00007ffe16030000 - 0x00007ffe16048000 	C:\Program Files\Java\jdk-17\bin\zip.dll
0x00007ffe4a340000 - 0x00007ffe4a36d000 	C:\WINDOWS\SYSTEM32\IPHLPAPI.DLL
0x00007ffe4ca90000 - 0x00007ffe4ca99000 	C:\WINDOWS\System32\NSI.dll

dbghelp: loaded successfully - version: 4.0.5 - missing functions: none
symbol engine: initialized successfully - sym options: 0x614 - pdb path: .;C:\Program Files\Java\jdk-17\bin;C:\WINDOWS\SYSTEM32;C:\WINDOWS\WinSxS\amd64_microsoft.windows.common-controls_6595b64144ccf1df_6.0.22621.5262_none_2712bde373830908;C:\Program Files\Java\jdk-17\bin\server

VM Arguments:
jvm_args: -ea -XX:+ShowCodeDetailsInExceptionMessages -Dfile.encoding=UTF-8 
java_command: org.eclipse.jdt.internal.junit.runner.RemoteTestRunner -version 3 -port 53613 -testLoaderClass org.eclipse.jdt.internal.junit5.runner.JUnit5TestLoader -loaderpluginname org.eclipse.jdt.junit5.runtime -testNameFile C:\Users\talma\AppData\Local\Temp\testNames2692535984805153415.txt
java_class_path (initial): c:\Users\talma\OneDrive\שולחן העבודה\se-project\Workshop-on-SE-Project\target\test-classes;c:\Users\talma\OneDrive\שולחן העבודה\se-project\Workshop-on-SE-Project\target\classes;c:\Users\talma\.m2\repository\com\vaadin\vaadin-spring-boot-starter\24.4.12\vaadin-spring-boot-starter-24.4.12.jar;c:\Users\talma\.m2\repository\com\vaadin\vaadin-spring\24.4.8\vaadin-spring-24.4.8.jar;c:\Users\talma\.m2\repository\com\vaadin\flow-server\24.4.8\flow-server-24.4.8.jar;c:\Users\talma\.m2\repository\com\vaadin\servletdetector\throw-if-servlet3\1.0.2\throw-if-servlet3-1.0.2.jar;c:\Users\talma\.m2\repository\com\vaadin\external\gwt\gwt-elemental\2.8.2.vaadin2\gwt-elemental-2.8.2.vaadin2.jar;c:\Users\talma\.m2\repository\org\apache\commons\commons-fileupload2-jakarta\2.0.0-M1\commons-fileupload2-jakarta-2.0.0-M1.jar;c:\Users\talma\.m2\repository\org\apache\commons\commons-fileupload2-core\2.0.0-M1\commons-fileupload2-core-2.0.0-M1.jar;c:\Users\talma\.m2\repository\commons-io\commons-io\2.16.1\commons-io-2.16.1.jar;c:\Users\talma\.m2\repository\org\jsoup\jsoup\1.17.2\jsoup-1.17.2.jar;c:\Users\talma\.m2\repository\com\helger\ph-css\7.0.2\ph-css-7.0.2.jar;c:\Users\talma\.m2\repository\com\helger\commons\ph-commons\11.1.5\ph-commons-11.1.5.jar;c:\Users\talma\.m2\repository\org\ow2\asm\asm\9.7\asm-9.7.jar;c:\Users\talma\.m2\repository\com\vaadin\external\gentyref\1.2.0.vaadin1\gentyref-1.2.0.vaadin1.jar;c:\Users\talma\.m2\repository\org\apache\commons\commons-compress\1.26.1\commons-compress-1.26.1.jar;c:\Users\talma\.m2\repository\commons-codec\commons-codec\1.17.2\commons-codec-1.17.2.jar;c:\Users\talma\.m2\repository\org\apache\commons\commons-lang3\3.17.0\commons-lang3-3.17.0.jar;c:\Users\talma\.m2\repository\com\vaadin\flow-push\24.4.8\flow-push-24.4.8.jar;c:\Users\talma\.m2\repository\com\vaadin\external\atmosphere\atmosphere-runtime\3.0.5.slf4jvaadin1\atmosphere-runtime-3.0.5.slf4jvaadin1.jar;c:\Users\talma\.m2\repository\com\vaadin\flow-client\24.4.8
Launcher Type: SUN_STANDARD

[Global flags]
     intx CICompilerCount                          = 4                                         {product} {ergonomic}
     uint ConcGCThreads                            = 2                                         {product} {ergonomic}
     uint G1ConcRefinementThreads                  = 8                                         {product} {ergonomic}
   size_t G1HeapRegionSize                         = 1048576                                   {product} {ergonomic}
    uintx GCDrainStackTargetSize                   = 64                                        {product} {ergonomic}
   size_t InitialHeapSize                          = 132120576                                 {product} {ergonomic}
   size_t MarkStackSize                            = 4194304                                   {product} {ergonomic}
   size_t MaxHeapSize                              = 2105540608                                {product} {ergonomic}
   size_t MaxNewSize                               = 1262485504                                {product} {ergonomic}
   size_t MinHeapDeltaBytes                        = 1048576                                   {product} {ergonomic}
   size_t MinHeapSize                              = 8388608                                   {product} {ergonomic}
    uintx NonNMethodCodeHeapSize                   = 5839372                                {pd product} {ergonomic}
    uintx NonProfiledCodeHeapSize                  = 122909434                              {pd product} {ergonomic}
    uintx ProfiledCodeHeapSize                     = 122909434                              {pd product} {ergonomic}
    uintx ReservedCodeCacheSize                    = 251658240                              {pd product} {ergonomic}
     bool SegmentedCodeCache                       = true                                      {product} {ergonomic}
     bool ShowCodeDetailsInExceptionMessages       = true                                   {manageable} {command line}
   size_t SoftMaxHeapSize                          = 2105540608                             {manageable} {ergonomic}
     bool UseCompressedClassPointers               = true                           {product lp64_product} {ergonomic}
     bool UseCompressedOops                        = true                           {product lp64_product} {ergonomic}
     bool UseG1GC                                  = true                                      {product} {ergonomic}
     bool UseLargePagesIndividualAllocation        = false                                  {pd product} {ergonomic}

Logging:
Log output configuration:
 #0: stdout all=warning uptime,level,tags
 #1: stderr all=off uptime,level,tags

Environment Variables:
JAVA_HOME=C:\Program Files\Java\jdk-17
PATH=C:\Users\talma\AppData\Local\Programs\Python\Python313\Scripts;C:\Users\talma\AppData\Local\Programs\Python\Python313;C:\Program Files\Common Files\Oracle\Java\javapath;C:\Program Files (x86)\Common Files\Oracle\Java\java8path;C:\Program Files (x86)\Common Files\Oracle\Java\javapath;C:\ProgramData\Anaconda3;C:\ProgramData\Anaconda3\Library\mingw-w64\bin;C:\ProgramData\Anaconda3\Library\usr\bin;C:\ProgramData\Anaconda3\Library\bin;C:\ProgramData\Anaconda3\Scripts;C:\WINDOWS\system32;C:\WINDOWS;C:\WINDOWS\System32\Wbem;C:\WINDOWS\System32\WindowsPowerShell\v1.0\;C:\WINDOWS\System32\OpenSSH\;C:\Program Files\apache-ant-1.10.12\bin;C:\WINDOWS\system32;C:\WINDOWS;C:\WINDOWS\System32\Wbem;C:\WINDOWS\System32\WindowsPowerShell\v1.0\;C:\WINDOWS\System32\OpenSSH\;C:\Program Files\nodejs\;C:\Program Files\Git\cmd;C:\Program Files\Java\jdk-17;C:\Program Files\dotnet\;C:\Program Files\Docker\Docker\resources\bin;C:\Program Files\Graphviz\bin;C:\Users\talma\AppData\Local\Programs\Python\Python313\Scripts\;C:\Users\talma\AppData\Local\Programs\Python\Python313\;C:\Users\talma\AppData\Local\Programs\Python\Launcher\;C:\Program Files (x86)\SQLite;C:\Users\talma\AppData\Local\Microsoft\WindowsApps;C:\Users\talma\AppData\Local\Programs\Microsoft VS Code\bin;C:\Users\talma\AppData\Roaming\npm;C:\msys64\mingw64\bin;C:\Users\talma\.dotnet\tools;C:\Users\talma\AppData\Local\GitHubDesktop\bin;C:\Program Files\Maven\apache-maven-3.9.9\bin;C:\Users\talma\AppData\Local\Microsoft\WinGet\Packages\Gyan.FFmpeg.Essentials_Microsoft.Winget.Source_8wekyb3d8bbwe\ffmpeg-7.1.1-essentials_build/bin;
USERNAME=talma
OS=Windows_NT
PROCESSOR_IDENTIFIER=Intel64 Family 6 Model 142 Stepping 12, GenuineIntel



---------------  S Y S T E M  ---------------

OS:
 Windows 11 , 64 bit Build 22621 (10.0.22621.5262)
OS uptime: 4 days 1:19 hours
Hyper-V role detected

CPU: total 8 (initial active 8) (4 cores per cpu, 2 threads per core) family 6 model 142 stepping 12 microcode 0xde, cx8, cmov, fxsr, ht, mmx, 3dnowpref, sse, sse2, sse3, ssse3, sse4.1, sse4.2, popcnt, lzcnt, tsc, tscinvbit, avx, avx2, aes, erms, clmul, bmi1, bmi2, adx, fma, vzeroupper, clflush, clflushopt, hv

Memory: 4k page, system-wide physical 8025M (620M free)
TotalPageFile size 22409M (AvailPageFile size 0M)
current process WorkingSet (physical memory assigned to process): 64M, peak: 65M
current process commit charge ("private bytes"): 229M, peak: 230M

vm_info: Java HotSpot(TM) 64-Bit Server VM (17.0.6+9-LTS-190) for windows-amd64 JRE (17.0.6+9-LTS-190), built on Dec  6 2022 15:53:54 by "mach5one" with MS VC++ 17.1 (VS2022)

END.
