#
# There is insufficient memory for the Java Runtime Environment to continue.
# Native memory allocation (malloc) failed to allocate 119120 bytes. Error detail: Chunk::new
# Possible reasons:
#   The system is out of physical RAM or swap space
#   This process is running with CompressedOops enabled, and the Java Heap may be blocking the growth of the native heap
# Possible solutions:
#   Reduce memory load on the system
#   Increase physical memory or swap space
#   Check if swap backing store is full
#   Decrease Java heap size (-Xmx/-Xms)
#   Decrease number of Java threads
#   Decrease Java thread stack sizes (-Xss)
#   Set larger code cache with -XX:ReservedCodeCacheSize=
#   JVM is running with Unscaled Compressed Oops mode in which the Java heap is
#     placed in the first 4GB address space. The Java Heap base address is the
#     maximum limit for the native heap growth. Please use -XX:HeapBaseMinAddress
#     to set the Java Heap base and to place the Java Heap above 4GB virtual address.
# This output file may be truncated or incomplete.
#
#  Out of Memory Error (arena.cpp:168), pid=24080, tid=20088
#
# JRE version: OpenJDK Runtime Environment Temurin-21.0.6+7 (21.0.6+7) (build 21.0.6+7-LTS)
# Java VM: OpenJDK 64-Bit Server VM Temurin-21.0.6+7 (21.0.6+7-LTS, mixed mode, sharing, tiered, compressed oops, compressed class ptrs, parallel gc, windows-amd64)
# No core dump will be written. Minidumps are not enabled by default on client versions of Windows
#

---------------  S U M M A R Y ------------

Command Line: --add-modules=ALL-SYSTEM --add-opens=java.base/java.util=ALL-UNNAMED --add-opens=java.base/java.lang=ALL-UNNAMED --add-opens=java.base/sun.nio.fs=ALL-UNNAMED -Declipse.application=org.eclipse.jdt.ls.core.id1 -Dosgi.bundles.defaultStartLevel=4 -Declipse.product=org.eclipse.jdt.ls.core.product -Djava.import.generatesMetadataFilesAtProjectRoot=false -DDetectVMInstallationsJob.disabled=true -Dfile.encoding=utf8 -XX:+UseParallelGC -XX:GCTimeRatio=4 -XX:AdaptiveSizePolicyWeight=90 -Dsun.zip.disableMemoryMapping=true -Xmx1G -Xms100m -Xlog:disable -javaagent:c:\Users\talma\.vscode\extensions\redhat.java-1.41.1-win32-x64\lombok\lombok-1.18.36.jar c:\Users\talma\.vscode\extensions\redhat.java-1.41.1-win32-x64\server\plugins\org.eclipse.equinox.launcher_1.7.0.v20250331-1702.jar -configuration c:\Users\talma\AppData\Roaming\Code\User\globalStorage\redhat.java\1.41.1\config_ss_win -data c:\Users\talma\AppData\Roaming\Code\User\workspaceStorage\485b52dae3da986b19eea8159435ec2a\redhat.java\ss_ws --pipe=\\.\pipe\lsp-efcadf3071ff6ea7b6a6bbb6db547cd1-sock

Host: Intel(R) Core(TM) i5-10210U CPU @ 1.60GHz, 8 cores, 7G,  Windows 11 , 64 bit Build 22621 (10.0.22621.5262)
Time: Tue May 13 17:40:24 2025 Jerusalem Daylight Time elapsed time: 1.662523 seconds (0d 0h 0m 1s)

---------------  T H R E A D  ---------------

Current thread (0x000001f75a4e3270):  JavaThread "C2 CompilerThread1" daemon [_thread_in_native, id=20088, stack(0x000000935a200000,0x000000935a300000) (1024K)]


Current CompileTask:
C2:1662  667       4       lombok.patcher.scripts.MethodLevelPatchScript::patch (21 bytes)

Stack: [0x000000935a200000,0x000000935a300000]
Native frames: (J=compiled Java code, j=interpreted, Vv=VM code, C=native code)
V  [jvm.dll+0x6cdee9]
V  [jvm.dll+0x8a83d1]
V  [jvm.dll+0x8aa8fe]
V  [jvm.dll+0x8aafe3]
V  [jvm.dll+0x27f706]
V  [jvm.dll+0xc500d]
V  [jvm.dll+0xc5543]
V  [jvm.dll+0x13e95f]
V  [jvm.dll+0x65d615]
V  [jvm.dll+0x65bb6e]
V  [jvm.dll+0x247875]
V  [jvm.dll+0x246fcf]
V  [jvm.dll+0x1c75ee]
V  [jvm.dll+0x25685a]
V  [jvm.dll+0x254dfa]
V  [jvm.dll+0x3f0256]
V  [jvm.dll+0x851f8b]
V  [jvm.dll+0x6cc5ed]
C  [ucrtbase.dll+0x29333]
C  [KERNEL32.DLL+0x1259d]
C  [ntdll.dll+0x5af58]


---------------  P R O C E S S  ---------------

Threads class SMR info:
_java_thread_list=0x000001f75a545b70, length=12, elements={
0x000001f742210aa0, 0x000001f7445ec820, 0x000001f7445edf80, 0x000001f7588e9220,
0x000001f7588ea130, 0x000001f7588ee920, 0x000001f7588ef370, 0x000001f7588f01a0,
0x000001f75891a9b0, 0x000001f75a36b380, 0x000001f75a5a8ae0, 0x000001f75a4e3270
}

Java Threads: ( => current thread )
  0x000001f742210aa0 JavaThread "main"                              [_thread_in_Java, id=2768, stack(0x0000009359400000,0x0000009359500000) (1024K)]
  0x000001f7445ec820 JavaThread "Reference Handler"          daemon [_thread_blocked, id=10508, stack(0x0000009359800000,0x0000009359900000) (1024K)]
  0x000001f7445edf80 JavaThread "Finalizer"                  daemon [_thread_blocked, id=23088, stack(0x0000009359900000,0x0000009359a00000) (1024K)]
  0x000001f7588e9220 JavaThread "Signal Dispatcher"          daemon [_thread_blocked, id=12632, stack(0x0000009359a00000,0x0000009359b00000) (1024K)]
  0x000001f7588ea130 JavaThread "Attach Listener"            daemon [_thread_blocked, id=19628, stack(0x0000009359b00000,0x0000009359c00000) (1024K)]
  0x000001f7588ee920 JavaThread "Service Thread"             daemon [_thread_blocked, id=25288, stack(0x0000009359c00000,0x0000009359d00000) (1024K)]
  0x000001f7588ef370 JavaThread "Monitor Deflation Thread"   daemon [_thread_blocked, id=19284, stack(0x0000009359d00000,0x0000009359e00000) (1024K)]
  0x000001f7588f01a0 JavaThread "C2 CompilerThread0"         daemon [_thread_in_native, id=19724, stack(0x0000009359e00000,0x0000009359f00000) (1024K)]
  0x000001f75891a9b0 JavaThread "C1 CompilerThread0"         daemon [_thread_blocked, id=14888, stack(0x0000009359f00000,0x000000935a000000) (1024K)]
  0x000001f75a36b380 JavaThread "Common-Cleaner"             daemon [_thread_blocked, id=9892, stack(0x000000935a000000,0x000000935a100000) (1024K)]
  0x000001f75a5a8ae0 JavaThread "Notification Thread"        daemon [_thread_blocked, id=23584, stack(0x000000935a100000,0x000000935a200000) (1024K)]
=>0x000001f75a4e3270 JavaThread "C2 CompilerThread1"         daemon [_thread_in_native, id=20088, stack(0x000000935a200000,0x000000935a300000) (1024K)]
Total: 12

Other Threads:
  0x000001f7588e3530 VMThread "VM Thread"                           [id=8920, stack(0x0000009359700000,0x0000009359800000) (1024K)]
  0x000001f7445a11e0 WatcherThread "VM Periodic Task Thread"        [id=15340, stack(0x0000009359600000,0x0000009359700000) (1024K)]
  0x000001f7445552b0 WorkerThread "GC Thread#0"                     [id=15384, stack(0x0000009359500000,0x0000009359600000) (1024K)]
Total: 3

Threads with active compile tasks:
C2 CompilerThread0  1693  665       4       lombok.patcher.PatchScript::classMatches (41 bytes)
C2 CompilerThread1  1693  667       4       lombok.patcher.scripts.MethodLevelPatchScript::patch (21 bytes)
Total: 2

VM state: not at safepoint (normal execution)

VM Mutex/Monitor currently owned by a thread: None

Heap address: 0x00000000c0000000, size: 1024 MB, Compressed Oops mode: 32-bit

CDS archive(s) mapped at: [0x000001f700000000-0x000001f700ba0000-0x000001f700ba0000), size 12189696, SharedBaseAddress: 0x000001f700000000, ArchiveRelocationMode: 1.
Compressed class space mapped at: 0x000001f701000000-0x000001f741000000, reserved size: 1073741824
Narrow klass base: 0x000001f700000000, Narrow klass shift: 0, Narrow klass range: 0x100000000

GC Precious Log:
 CardTable entry size: 512
 CPUs: 8 total, 8 available
 Memory: 8025M
 Large Page Support: Disabled
 NUMA Support: Disabled
 Compressed Oops: Enabled (32-bit)
 Alignments: Space 512K, Generation 512K, Heap 2M
 Heap Min Capacity: 100M
 Heap Initial Capacity: 100M
 Heap Max Capacity: 1G
 Pre-touch: Disabled
 Parallel Workers: 8

Heap:
 PSYoungGen      total 29696K, used 14543K [0x00000000eab00000, 0x00000000ecc00000, 0x0000000100000000)
  eden space 25600K, 56% used [0x00000000eab00000,0x00000000eb933fb8,0x00000000ec400000)
  from space 4096K, 0% used [0x00000000ec800000,0x00000000ec800000,0x00000000ecc00000)
  to   space 4096K, 0% used [0x00000000ec400000,0x00000000ec400000,0x00000000ec800000)
 ParOldGen       total 68608K, used 0K [0x00000000c0000000, 0x00000000c4300000, 0x00000000eab00000)
  object space 68608K, 0% used [0x00000000c0000000,0x00000000c0000000,0x00000000c4300000)
 Metaspace       used 2760K, committed 2944K, reserved 1114112K
  class space    used 280K, committed 384K, reserved 1048576K

Card table byte_map: [0x000001f743f00000,0x000001f744110000] _byte_map_base: 0x000001f743900000

Marking Bits: (ParMarkBitMap*) 0x00007ffd8ad23260
 Begin Bits: [0x000001f756720000, 0x000001f757720000)
 End Bits:   [0x000001f757720000, 0x000001f758720000)

Polling page: 0x000001f743cf0000

Metaspace:

Usage:
  Non-class:      2.42 MB used.
      Class:    280.27 KB used.
       Both:      2.70 MB used.

Virtual space:
  Non-class space:       64.00 MB reserved,       2.50 MB (  4%) committed,  1 nodes.
      Class space:        1.00 GB reserved,     384.00 KB ( <1%) committed,  1 nodes.
             Both:        1.06 GB reserved,       2.88 MB ( <1%) committed. 

Chunk freelists:
   Non-Class:  11.65 MB
       Class:  15.67 MB
        Both:  27.32 MB

MaxMetaspaceSize: unlimited
CompressedClassSpaceSize: 1.00 GB
Initial GC threshold: 21.00 MB
Current GC threshold: 21.00 MB
CDS: on
 - commit_granule_bytes: 65536.
 - commit_granule_words: 8192.
 - virtual_space_node_default_size: 8388608.
 - enlarge_chunks_in_place: 1.
 - use_allocation_guard: 0.


Internal statistics:

num_allocs_failed_limit: 0.
num_arena_births: 80.
num_arena_deaths: 0.
num_vsnodes_births: 2.
num_vsnodes_deaths: 0.
num_space_committed: 46.
num_space_uncommitted: 0.
num_chunks_returned_to_freelist: 0.
num_chunks_taken_from_freelist: 102.
num_chunk_merges: 0.
num_chunk_splits: 71.
num_chunks_enlarged: 46.
num_inconsistent_stats: 0.

CodeHeap 'non-profiled nmethods': size=120000Kb used=253Kb max_used=253Kb free=119746Kb
 bounds [0x000001f74f1f0000, 0x000001f74f460000, 0x000001f756720000]
CodeHeap 'profiled nmethods': size=120000Kb used=1045Kb max_used=1045Kb free=118954Kb
 bounds [0x000001f747720000, 0x000001f747990000, 0x000001f74ec50000]
CodeHeap 'non-nmethods': size=5760Kb used=1183Kb max_used=1189Kb free=4577Kb
 bounds [0x000001f74ec50000, 0x000001f74eec0000, 0x000001f74f1f0000]
 total_blobs=1126 nmethods=686 adapters=347
 compilation: enabled
              stopped_count=0, restarted_count=0
 full_count=0

Compilation events (20 events):
Event: 1.601 Thread 0x000001f7588f01a0  665       4       lombok.patcher.PatchScript::classMatches (41 bytes)
Event: 1.602 Thread 0x000001f75891a9b0  666       3       sun.security.util.DerInputStream::available (10 bytes)
Event: 1.602 Thread 0x000001f75891a9b0 nmethod 666 0x000001f747814210 code [0x000001f7478143a0, 0x000001f7478144b0]
Event: 1.602 Thread 0x000001f75a4e3270  667       4       lombok.patcher.scripts.MethodLevelPatchScript::patch (21 bytes)
Event: 1.604 Thread 0x000001f75891a9b0  668       3       java.util.jar.Manifest$FastInputStream::readLine (296 bytes)
Event: 1.605 Thread 0x000001f75891a9b0 nmethod 668 0x000001f747814510 code [0x000001f747814740, 0x000001f747814fa8]
Event: 1.606 Thread 0x000001f75891a9b0  669   !   3       java.lang.String::<init> (890 bytes)
Event: 1.615 Thread 0x000001f75891a9b0 nmethod 669 0x000001f747815310 code [0x000001f747815b80, 0x000001f74781ab90]
Event: 1.615 Thread 0x000001f75891a9b0  670       3       java.util.Objects::checkFromIndexSize (8 bytes)
Event: 1.615 Thread 0x000001f75891a9b0 nmethod 670 0x000001f74781c610 code [0x000001f74781c7c0, 0x000001f74781c9c8]
Event: 1.615 Thread 0x000001f75891a9b0  672       3       java.lang.String::indexOf (64 bytes)
Event: 1.616 Thread 0x000001f75891a9b0 nmethod 672 0x000001f74781cb10 code [0x000001f74781cd20, 0x000001f74781d1d0]
Event: 1.616 Thread 0x000001f75891a9b0  674       3       sun.invoke.util.Wrapper::forPrimitiveType (122 bytes)
Event: 1.617 Thread 0x000001f75891a9b0 nmethod 674 0x000001f74781d390 code [0x000001f74781d660, 0x000001f74781e140]
Event: 1.619 Thread 0x000001f75891a9b0  676       3       java.lang.Integer::rotateRight (9 bytes)
Event: 1.619 Thread 0x000001f75891a9b0 nmethod 676 0x000001f74781e410 code [0x000001f74781e5a0, 0x000001f74781e6a0]
Event: 1.658 Thread 0x000001f75891a9b0  680       3       jdk.internal.org.objectweb.asm.SymbolTable::addConstantNameAndType (137 bytes)
Event: 1.659 Thread 0x000001f75891a9b0 nmethod 680 0x000001f74781e710 code [0x000001f74781e980, 0x000001f74781f080]
Event: 1.659 Thread 0x000001f75891a9b0  681       3       jdk.internal.org.objectweb.asm.SymbolTable::hash (15 bytes)
Event: 1.659 Thread 0x000001f75891a9b0 nmethod 681 0x000001f74781f490 code [0x000001f74781f640, 0x000001f74781f7c0]

GC Heap History (0 events):
No events

Dll operation events (8 events):
Event: 0.026 Loaded shared library c:\Users\talma\.vscode\extensions\redhat.java-1.41.1-win32-x64\jre\21.0.6-win32-x86_64\bin\java.dll
Event: 0.207 Loaded shared library c:\Users\talma\.vscode\extensions\redhat.java-1.41.1-win32-x64\jre\21.0.6-win32-x86_64\bin\zip.dll
Event: 0.420 Loaded shared library C:\Users\talma\.vscode\extensions\redhat.java-1.41.1-win32-x64\jre\21.0.6-win32-x86_64\bin\instrument.dll
Event: 0.433 Loaded shared library C:\Users\talma\.vscode\extensions\redhat.java-1.41.1-win32-x64\jre\21.0.6-win32-x86_64\bin\net.dll
Event: 0.436 Loaded shared library C:\Users\talma\.vscode\extensions\redhat.java-1.41.1-win32-x64\jre\21.0.6-win32-x86_64\bin\nio.dll
Event: 0.442 Loaded shared library C:\Users\talma\.vscode\extensions\redhat.java-1.41.1-win32-x64\jre\21.0.6-win32-x86_64\bin\zip.dll
Event: 0.496 Loaded shared library C:\Users\talma\.vscode\extensions\redhat.java-1.41.1-win32-x64\jre\21.0.6-win32-x86_64\bin\jimage.dll
Event: 0.777 Loaded shared library c:\Users\talma\.vscode\extensions\redhat.java-1.41.1-win32-x64\jre\21.0.6-win32-x86_64\bin\verify.dll

Deoptimization events (20 events):
Event: 1.243 Thread 0x000001f742210aa0 DEOPT PACKING pc=0x000001f747754b58 sp=0x00000093594fc7a0
Event: 1.243 Thread 0x000001f742210aa0 DEOPT UNPACKING pc=0x000001f74eca4242 sp=0x00000093594fbc60 mode 0
Event: 1.247 Thread 0x000001f742210aa0 DEOPT PACKING pc=0x000001f747754b58 sp=0x00000093594fb2d0
Event: 1.247 Thread 0x000001f742210aa0 DEOPT UNPACKING pc=0x000001f74eca4242 sp=0x00000093594fa790 mode 0
Event: 1.248 Thread 0x000001f742210aa0 DEOPT PACKING pc=0x000001f747754b58 sp=0x00000093594fa6c0
Event: 1.248 Thread 0x000001f742210aa0 DEOPT UNPACKING pc=0x000001f74eca4242 sp=0x00000093594f9b80 mode 0
Event: 1.250 Thread 0x000001f742210aa0 DEOPT PACKING pc=0x000001f747754b58 sp=0x00000093594fa2d0
Event: 1.250 Thread 0x000001f742210aa0 DEOPT UNPACKING pc=0x000001f74eca4242 sp=0x00000093594f9790 mode 0
Event: 1.251 Thread 0x000001f742210aa0 DEOPT PACKING pc=0x000001f747754a7f sp=0x00000093594fa2d0
Event: 1.251 Thread 0x000001f742210aa0 DEOPT UNPACKING pc=0x000001f74eca4242 sp=0x00000093594f9780 mode 0
Event: 1.254 Thread 0x000001f742210aa0 DEOPT PACKING pc=0x000001f747754b58 sp=0x00000093594fadb0
Event: 1.254 Thread 0x000001f742210aa0 DEOPT UNPACKING pc=0x000001f74eca4242 sp=0x00000093594fa270 mode 0
Event: 1.479 Thread 0x000001f742210aa0 Uncommon trap: trap_request=0xffffff45 fr.pc=0x000001f74f21eb04 relative=0x0000000000000164
Event: 1.479 Thread 0x000001f742210aa0 Uncommon trap: reason=unstable_if action=reinterpret pc=0x000001f74f21eb04 method=jdk.internal.util.ArraysSupport.vectorizedHashCode(Ljava/lang/Object;IIII)I @ 2 c2
Event: 1.479 Thread 0x000001f742210aa0 DEOPT PACKING pc=0x000001f74f21eb04 sp=0x00000093594fcbc0
Event: 1.479 Thread 0x000001f742210aa0 DEOPT UNPACKING pc=0x000001f74eca3aa2 sp=0x00000093594fcb70 mode 2
Event: 1.507 Thread 0x000001f742210aa0 Uncommon trap: trap_request=0xffffff45 fr.pc=0x000001f74f213104 relative=0x00000000000000e4
Event: 1.507 Thread 0x000001f742210aa0 Uncommon trap: reason=unstable_if action=reinterpret pc=0x000001f74f213104 method=java.net.URI.match(CJJ)Z @ 45 c2
Event: 1.507 Thread 0x000001f742210aa0 DEOPT PACKING pc=0x000001f74f213104 sp=0x00000093594fce60
Event: 1.508 Thread 0x000001f742210aa0 DEOPT UNPACKING pc=0x000001f74eca3aa2 sp=0x00000093594fcdc8 mode 2

Classes loaded (20 events):
Event: 1.656 Loading class jdk/internal/jimage/ImageBufferCache$2
Event: 1.656 Loading class jdk/internal/jimage/ImageBufferCache$2 done
Event: 1.656 Loading class java/util/AbstractMap$SimpleEntry
Event: 1.657 Loading class java/util/AbstractMap$SimpleEntry done
Event: 1.657 Loading class jdk/internal/jimage/decompressor/ResourceDecompressor$StringsProvider
Event: 1.657 Loading class jdk/internal/jimage/decompressor/ResourceDecompressor$StringsProvider done
Event: 1.658 Loading class jdk/internal/jimage/decompressor/CompressedResourceHeader
Event: 1.658 Loading class jdk/internal/jimage/decompressor/CompressedResourceHeader done
Event: 1.658 Loading class jdk/internal/jimage/decompressor/ResourceDecompressorRepository
Event: 1.659 Loading class jdk/internal/jimage/decompressor/ResourceDecompressorRepository done
Event: 1.659 Loading class jdk/internal/jimage/decompressor/ZipDecompressorFactory
Event: 1.659 Loading class jdk/internal/jimage/decompressor/ResourceDecompressorFactory
Event: 1.659 Loading class jdk/internal/jimage/decompressor/ResourceDecompressorFactory done
Event: 1.659 Loading class jdk/internal/jimage/decompressor/ZipDecompressorFactory done
Event: 1.659 Loading class jdk/internal/jimage/decompressor/StringSharingDecompressorFactory
Event: 1.659 Loading class jdk/internal/jimage/decompressor/StringSharingDecompressorFactory done
Event: 1.659 Loading class jdk/internal/jimage/decompressor/ZipDecompressor
Event: 1.659 Loading class jdk/internal/jimage/decompressor/ResourceDecompressor
Event: 1.659 Loading class jdk/internal/jimage/decompressor/ResourceDecompressor done
Event: 1.659 Loading class jdk/internal/jimage/decompressor/ZipDecompressor done

Classes unloaded (0 events):
No events

Classes redefined (0 events):
No events

Internal exceptions (12 events):
Event: 0.336 Thread 0x000001f742210aa0 Exception <a 'java/lang/NoSuchMethodError'{0x00000000ead2c598}: 'void java.lang.invoke.DirectMethodHandle$Holder.invokeStatic(java.lang.Object, java.lang.Object, java.lang.Object)'> (0x00000000ead2c598) 
thrown [s\src\hotspot\share\interpreter\linkResolver.cpp, line 773]
Event: 0.475 Thread 0x000001f742210aa0 Exception <a 'java/lang/NoSuchMethodError'{0x00000000eae95728}: 'java.lang.Object java.lang.invoke.Invokers$Holder.invokeExact_MT(java.lang.Object, java.lang.Object, java.lang.Object, java.lang.Object, java.lang.Object)'> (0x00000000eae95728) 
thrown [s\src\hotspot\share\interpreter\linkResolver.cpp, line 773]
Event: 0.574 Thread 0x000001f742210aa0 Exception <a 'java/lang/NoSuchMethodError'{0x00000000eaf4f810}: 'int java.lang.invoke.DirectMethodHandle$Holder.invokeSpecial(java.lang.Object, java.lang.Object, java.lang.Object, int)'> (0x00000000eaf4f810) 
thrown [s\src\hotspot\share\interpreter\linkResolver.cpp, line 773]
Event: 0.593 Thread 0x000001f742210aa0 Exception <a 'java/lang/NoSuchMethodError'{0x00000000eaf621f8}: 'java.lang.Object java.lang.invoke.DirectMethodHandle$Holder.invokeStatic(java.lang.Object, java.lang.Object, java.lang.Object, java.lang.Object, int)'> (0x00000000eaf621f8) 
thrown [s\src\hotspot\share\interpreter\linkResolver.cpp, line 773]
Event: 0.596 Thread 0x000001f742210aa0 Exception <a 'java/lang/NoSuchMethodError'{0x00000000eaf6d638}: 'void java.lang.invoke.DelegatingMethodHandle$Holder.reinvoke_L(java.lang.Object, java.lang.Object, java.lang.Object, int, java.lang.Object)'> (0x00000000eaf6d638) 
thrown [s\src\hotspot\share\interpreter\linkResolver.cpp, line 773]
Event: 0.602 Thread 0x000001f742210aa0 Exception <a 'java/lang/NoSuchMethodError'{0x00000000eaf7df88}: 'int java.lang.invoke.DirectMethodHandle$Holder.invokeSpecial(java.lang.Object, java.lang.Object, java.lang.Object)'> (0x00000000eaf7df88) 
thrown [s\src\hotspot\share\interpreter\linkResolver.cpp, line 773]
Event: 0.609 Thread 0x000001f742210aa0 Exception <a 'java/lang/NoSuchMethodError'{0x00000000eaf89c48}: 'java.lang.Object java.lang.invoke.DirectMethodHandle$Holder.invokeStatic(java.lang.Object, java.lang.Object, int)'> (0x00000000eaf89c48) 
thrown [s\src\hotspot\share\interpreter\linkResolver.cpp, line 773]
Event: 0.612 Thread 0x000001f742210aa0 Exception <a 'java/lang/NoSuchMethodError'{0x00000000eaf8e598}: 'void java.lang.invoke.DirectMethodHandle$Holder.invokeStatic(java.lang.Object, java.lang.Object, int, java.lang.Object)'> (0x00000000eaf8e598) 
thrown [s\src\hotspot\share\interpreter\linkResolver.cpp, line 773]
Event: 0.614 Thread 0x000001f742210aa0 Exception <a 'java/lang/NoSuchMethodError'{0x00000000eaf92388}: 'void java.lang.invoke.DirectMethodHandle$Holder.invokeSpecial(java.lang.Object, java.lang.Object, java.lang.Object, int, java.lang.Object)'> (0x00000000eaf92388) 
thrown [s\src\hotspot\share\interpreter\linkResolver.cpp, line 773]
Event: 0.614 Thread 0x000001f742210aa0 Exception <a 'java/lang/NoSuchMethodError'{0x00000000eaf957f8}: 'void java.lang.invoke.DelegatingMethodHandle$Holder.delegate(java.lang.Object, java.lang.Object, int, java.lang.Object)'> (0x00000000eaf957f8) 
thrown [s\src\hotspot\share\interpreter\linkResolver.cpp, line 773]
Event: 0.862 Thread 0x000001f742210aa0 Exception <a 'java/lang/NoSuchMethodError'{0x00000000eb151d88}: 'void java.lang.invoke.DelegatingMethodHandle$Holder.reinvoke_L(java.lang.Object, java.lang.Object, java.lang.Object, int)'> (0x00000000eb151d88) 
thrown [s\src\hotspot\share\interpreter\linkResolver.cpp, line 773]
Event: 1.463 Thread 0x000001f742210aa0 Exception <a 'java/lang/NoSuchMethodError'{0x00000000eb5d2258}: 'void java.lang.invoke.DirectMethodHandle$Holder.invokeVirtual(java.lang.Object, java.lang.Object)'> (0x00000000eb5d2258) 
thrown [s\src\hotspot\share\interpreter\linkResolver.cpp, line 773]

ZGC Phase Switch (0 events):
No events

VM Operations (6 events):
Event: 0.357 Executing VM operation: HandshakeAllThreads (Deoptimize)
Event: 0.357 Executing VM operation: HandshakeAllThreads (Deoptimize) done
Event: 0.522 Executing VM operation: HandshakeAllThreads (Deoptimize)
Event: 0.522 Executing VM operation: HandshakeAllThreads (Deoptimize) done
Event: 1.522 Executing VM operation: Cleanup
Event: 1.526 Executing VM operation: Cleanup done

Memory protections (0 events):
No events

Nmethod flushes (0 events):
No events

Events (12 events):
Event: 0.165 Thread 0x000001f742210aa0 Thread added: 0x000001f742210aa0
Event: 0.216 Thread 0x000001f742210aa0 Thread added: 0x000001f7445ec820
Event: 0.216 Thread 0x000001f742210aa0 Thread added: 0x000001f7445edf80
Event: 0.217 Thread 0x000001f742210aa0 Thread added: 0x000001f7588e9220
Event: 0.217 Thread 0x000001f742210aa0 Thread added: 0x000001f7588ea130
Event: 0.217 Thread 0x000001f742210aa0 Thread added: 0x000001f7588ee920
Event: 0.217 Thread 0x000001f742210aa0 Thread added: 0x000001f7588ef370
Event: 0.217 Thread 0x000001f742210aa0 Thread added: 0x000001f7588f01a0
Event: 0.218 Thread 0x000001f742210aa0 Thread added: 0x000001f75891a9b0
Event: 0.263 Thread 0x000001f742210aa0 Thread added: 0x000001f75a36b380
Event: 1.215 Thread 0x000001f742210aa0 Thread added: 0x000001f75a5a8ae0
Event: 1.544 Thread 0x000001f7588f01a0 Thread added: 0x000001f75a4e3270


Dynamic libraries:
0x00007ff6c5400000 - 0x00007ff6c540e000 	c:\Users\talma\.vscode\extensions\redhat.java-1.41.1-win32-x64\jre\21.0.6-win32-x86_64\bin\java.exe
0x00007ffe4e7d0000 - 0x00007ffe4e9e7000 	C:\WINDOWS\SYSTEM32\ntdll.dll
0x00007ffe4d2f0000 - 0x00007ffe4d3b4000 	C:\WINDOWS\System32\KERNEL32.DLL
0x00007ffe4bb80000 - 0x00007ffe4bf53000 	C:\WINDOWS\System32\KERNELBASE.dll
0x00007ffe4ba30000 - 0x00007ffe4bb41000 	C:\WINDOWS\System32\ucrtbase.dll
0x00007ffe28250000 - 0x00007ffe2826e000 	c:\Users\talma\.vscode\extensions\redhat.java-1.41.1-win32-x64\jre\21.0.6-win32-x86_64\bin\VCRUNTIME140.dll
0x00007ffe2a140000 - 0x00007ffe2a158000 	c:\Users\talma\.vscode\extensions\redhat.java-1.41.1-win32-x64\jre\21.0.6-win32-x86_64\bin\jli.dll
0x00007ffe4c7c0000 - 0x00007ffe4c971000 	C:\WINDOWS\System32\USER32.dll
0x00007ffe4c3c0000 - 0x00007ffe4c3e6000 	C:\WINDOWS\System32\win32u.dll
0x00007ffe37b30000 - 0x00007ffe37dcb000 	C:\WINDOWS\WinSxS\amd64_microsoft.windows.common-controls_6595b64144ccf1df_6.0.22621.5262_none_2712bde373830908\COMCTL32.dll
0x00007ffe4cab0000 - 0x00007ffe4cb57000 	C:\WINDOWS\System32\msvcrt.dll
0x00007ffe4da00000 - 0x00007ffe4da29000 	C:\WINDOWS\System32\GDI32.dll
0x00007ffe4c120000 - 0x00007ffe4c242000 	C:\WINDOWS\System32\gdi32full.dll
0x00007ffe4b8d0000 - 0x00007ffe4b96a000 	C:\WINDOWS\System32\msvcp_win.dll
0x00007ffe4e4e0000 - 0x00007ffe4e511000 	C:\WINDOWS\System32\IMM32.DLL
0x00007ffe43670000 - 0x00007ffe4367c000 	c:\Users\talma\.vscode\extensions\redhat.java-1.41.1-win32-x64\jre\21.0.6-win32-x86_64\bin\vcruntime140_1.dll
0x00007ffe18a70000 - 0x00007ffe18afd000 	c:\Users\talma\.vscode\extensions\redhat.java-1.41.1-win32-x64\jre\21.0.6-win32-x86_64\bin\msvcp140.dll
0x00007ffd8a070000 - 0x00007ffd8ae00000 	c:\Users\talma\.vscode\extensions\redhat.java-1.41.1-win32-x64\jre\21.0.6-win32-x86_64\bin\server\jvm.dll
0x00007ffe4d3c0000 - 0x00007ffe4d471000 	C:\WINDOWS\System32\ADVAPI32.dll
0x00007ffe4e520000 - 0x00007ffe4e5c7000 	C:\WINDOWS\System32\sechost.dll
0x00007ffe4bb50000 - 0x00007ffe4bb78000 	C:\WINDOWS\System32\bcrypt.dll
0x00007ffe4e3b0000 - 0x00007ffe4e4c4000 	C:\WINDOWS\System32\RPCRT4.dll
0x00007ffe4e2d0000 - 0x00007ffe4e341000 	C:\WINDOWS\System32\WS2_32.dll
0x00007ffe4b7a0000 - 0x00007ffe4b7ed000 	C:\WINDOWS\SYSTEM32\POWRPROF.dll
0x00007ffe457f0000 - 0x00007ffe45824000 	C:\WINDOWS\SYSTEM32\WINMM.dll
0x00007ffe45250000 - 0x00007ffe4525a000 	C:\WINDOWS\SYSTEM32\VERSION.dll
0x00007ffe4b780000 - 0x00007ffe4b793000 	C:\WINDOWS\SYSTEM32\UMPDC.dll
0x00007ffe4a8d0000 - 0x00007ffe4a8e8000 	C:\WINDOWS\SYSTEM32\kernel.appcore.dll
0x00007ffe435b0000 - 0x00007ffe435ba000 	c:\Users\talma\.vscode\extensions\redhat.java-1.41.1-win32-x64\jre\21.0.6-win32-x86_64\bin\jimage.dll
0x00007ffe49030000 - 0x00007ffe49262000 	C:\WINDOWS\SYSTEM32\DBGHELP.DLL
0x00007ffe4cf30000 - 0x00007ffe4d2c3000 	C:\WINDOWS\System32\combase.dll
0x00007ffe4c6e0000 - 0x00007ffe4c7b7000 	C:\WINDOWS\System32\OLEAUT32.dll
0x00007ffe1de30000 - 0x00007ffe1de62000 	C:\WINDOWS\SYSTEM32\dbgcore.DLL
0x00007ffe4c3f0000 - 0x00007ffe4c46b000 	C:\WINDOWS\System32\bcryptPrimitives.dll
0x00007ffe3a550000 - 0x00007ffe3a55f000 	c:\Users\talma\.vscode\extensions\redhat.java-1.41.1-win32-x64\jre\21.0.6-win32-x86_64\bin\instrument.dll
0x00007ffe28040000 - 0x00007ffe2805f000 	c:\Users\talma\.vscode\extensions\redhat.java-1.41.1-win32-x64\jre\21.0.6-win32-x86_64\bin\java.dll
0x00007ffe4da30000 - 0x00007ffe4e2cd000 	C:\WINDOWS\System32\SHELL32.dll
0x00007ffe4bf60000 - 0x00007ffe4c09f000 	C:\WINDOWS\System32\wintypes.dll
0x00007ffe497c0000 - 0x00007ffe4a0dd000 	C:\WINDOWS\SYSTEM32\windows.storage.dll
0x00007ffe4c5d0000 - 0x00007ffe4c6db000 	C:\WINDOWS\System32\SHCORE.dll
0x00007ffe4c980000 - 0x00007ffe4c9e6000 	C:\WINDOWS\System32\shlwapi.dll
0x00007ffe4b800000 - 0x00007ffe4b82b000 	C:\WINDOWS\SYSTEM32\profapi.dll
0x00007ffe228d0000 - 0x00007ffe228e8000 	c:\Users\talma\.vscode\extensions\redhat.java-1.41.1-win32-x64\jre\21.0.6-win32-x86_64\bin\zip.dll
0x00007ffe3a390000 - 0x00007ffe3a3a0000 	C:\Users\talma\.vscode\extensions\redhat.java-1.41.1-win32-x64\jre\21.0.6-win32-x86_64\bin\net.dll
0x00007ffe45c00000 - 0x00007ffe45d2c000 	C:\WINDOWS\SYSTEM32\WINHTTP.dll
0x00007ffe4ad70000 - 0x00007ffe4adda000 	C:\WINDOWS\system32\mswsock.dll
0x00007ffe1ef50000 - 0x00007ffe1ef66000 	C:\Users\talma\.vscode\extensions\redhat.java-1.41.1-win32-x64\jre\21.0.6-win32-x86_64\bin\nio.dll
0x00007ffe39fe0000 - 0x00007ffe39ff0000 	c:\Users\talma\.vscode\extensions\redhat.java-1.41.1-win32-x64\jre\21.0.6-win32-x86_64\bin\verify.dll

dbghelp: loaded successfully - version: 4.0.5 - missing functions: none
symbol engine: initialized successfully - sym options: 0x614 - pdb path: .;c:\Users\talma\.vscode\extensions\redhat.java-1.41.1-win32-x64\jre\21.0.6-win32-x86_64\bin;C:\WINDOWS\SYSTEM32;C:\WINDOWS\WinSxS\amd64_microsoft.windows.common-controls_6595b64144ccf1df_6.0.22621.5262_none_2712bde373830908;c:\Users\talma\.vscode\extensions\redhat.java-1.41.1-win32-x64\jre\21.0.6-win32-x86_64\bin\server

VM Arguments:
jvm_args: --add-modules=ALL-SYSTEM --add-opens=java.base/java.util=ALL-UNNAMED --add-opens=java.base/java.lang=ALL-UNNAMED --add-opens=java.base/sun.nio.fs=ALL-UNNAMED -Declipse.application=org.eclipse.jdt.ls.core.id1 -Dosgi.bundles.defaultStartLevel=4 -Declipse.product=org.eclipse.jdt.ls.core.product -Djava.import.generatesMetadataFilesAtProjectRoot=false -DDetectVMInstallationsJob.disabled=true -Dfile.encoding=utf8 -XX:+UseParallelGC -XX:GCTimeRatio=4 -XX:AdaptiveSizePolicyWeight=90 -Dsun.zip.disableMemoryMapping=true -Xmx1G -Xms100m -Xlog:disable -javaagent:c:\Users\talma\.vscode\extensions\redhat.java-1.41.1-win32-x64\lombok\lombok-1.18.36.jar 
java_command: c:\Users\talma\.vscode\extensions\redhat.java-1.41.1-win32-x64\server\plugins\org.eclipse.equinox.launcher_1.7.0.v20250331-1702.jar -configuration c:\Users\talma\AppData\Roaming\Code\User\globalStorage\redhat.java\1.41.1\config_ss_win -data c:\Users\talma\AppData\Roaming\Code\User\workspaceStorage\485b52dae3da986b19eea8159435ec2a\redhat.java\ss_ws --pipe=\\.\pipe\lsp-efcadf3071ff6ea7b6a6bbb6db547cd1-sock
java_class_path (initial): c:\Users\talma\.vscode\extensions\redhat.java-1.41.1-win32-x64\server\plugins\org.eclipse.equinox.launcher_1.7.0.v20250331-1702.jar
Launcher Type: SUN_STANDARD

[Global flags]
    uintx AdaptiveSizePolicyWeight                 = 90                                        {product} {command line}
     intx CICompilerCount                          = 4                                         {product} {ergonomic}
    uintx GCTimeRatio                              = 4                                         {product} {command line}
   size_t InitialHeapSize                          = 104857600                                 {product} {command line}
   size_t MaxHeapSize                              = 1073741824                                {product} {command line}
   size_t MaxNewSize                               = 357564416                                 {product} {ergonomic}
   size_t MinHeapDeltaBytes                        = 524288                                    {product} {ergonomic}
   size_t MinHeapSize                              = 104857600                                 {product} {command line}
   size_t NewSize                                  = 34603008                                  {product} {ergonomic}
    uintx NonNMethodCodeHeapSize                   = 5839372                                {pd product} {ergonomic}
    uintx NonProfiledCodeHeapSize                  = 122909434                              {pd product} {ergonomic}
   size_t OldSize                                  = 70254592                                  {product} {ergonomic}
    uintx ProfiledCodeHeapSize                     = 122909434                              {pd product} {ergonomic}
    uintx ReservedCodeCacheSize                    = 251658240                              {pd product} {ergonomic}
     bool SegmentedCodeCache                       = true                                      {product} {ergonomic}
   size_t SoftMaxHeapSize                          = 1073741824                             {manageable} {ergonomic}
     bool UseCompressedOops                        = true                           {product lp64_product} {ergonomic}
     bool UseLargePagesIndividualAllocation        = false                                  {pd product} {ergonomic}
     bool UseParallelGC                            = true                                      {product} {command line}

Logging:
Log output configuration:
 #0: stdout all=off uptime,level,tags foldmultilines=false
 #1: stderr all=off uptime,level,tags foldmultilines=false

Environment Variables:
JAVA_HOME=C:\Program Files\Java\jdk-17
PATH=C:\Users\talma\AppData\Local\Programs\Python\Python313\Scripts;C:\Users\talma\AppData\Local\Programs\Python\Python313;C:\Program Files\Common Files\Oracle\Java\javapath;C:\Program Files (x86)\Common Files\Oracle\Java\java8path;C:\Program Files (x86)\Common Files\Oracle\Java\javapath;C:\ProgramData\Anaconda3;C:\ProgramData\Anaconda3\Library\mingw-w64\bin;C:\ProgramData\Anaconda3\Library\usr\bin;C:\ProgramData\Anaconda3\Library\bin;C:\ProgramData\Anaconda3\Scripts;C:\WINDOWS\system32;C:\WINDOWS;C:\WINDOWS\System32\Wbem;C:\WINDOWS\System32\WindowsPowerShell\v1.0\;C:\WINDOWS\System32\OpenSSH\;C:\Program Files\apache-ant-1.10.12\bin;C:\WINDOWS\system32;C:\WINDOWS;C:\WINDOWS\System32\Wbem;C:\WINDOWS\System32\WindowsPowerShell\v1.0\;C:\WINDOWS\System32\OpenSSH\;C:\Program Files\nodejs\;C:\Program Files\Git\cmd;C:\Program Files\Java\jdk-17;C:\Program Files\dotnet\;C:\Program Files\Docker\Docker\resources\bin;C:\Program Files\Graphviz\bin;C:\Users\talma\AppData\Local\Programs\Python\Python313\Scripts\;C:\Users\talma\AppData\Local\Programs\Python\Python313\;C:\Users\talma\AppData\Local\Programs\Python\Launcher\;C:\Program Files (x86)\SQLite;C:\Users\talma\AppData\Local\Microsoft\WindowsApps;C:\Users\talma\AppData\Local\Programs\Microsoft VS Code\bin;C:\Users\talma\AppData\Roaming\npm;C:\msys64\mingw64\bin;C:\Users\talma\.dotnet\tools;C:\Users\talma\AppData\Local\GitHubDesktop\bin;C:\Program Files\Maven\apache-maven-3.9.9\bin;C:\Users\talma\AppData\Local\Microsoft\WinGet\Packages\Gyan.FFmpeg.Essentials_Microsoft.Winget.Source_8wekyb3d8bbwe\ffmpeg-7.1.1-essentials_build/bin;
USERNAME=talma
OS=Windows_NT
PROCESSOR_IDENTIFIER=Intel64 Family 6 Model 142 Stepping 12, GenuineIntel
TMP=C:\Users\talma\AppData\Local\Temp
TEMP=C:\Users\talma\AppData\Local\Temp




Periodic native trim disabled

---------------  S Y S T E M  ---------------

OS:
 Windows 11 , 64 bit Build 22621 (10.0.22621.5262)
OS uptime: 4 days 1:19 hours
Hyper-V role detected

CPU: total 8 (initial active 8) (4 cores per cpu, 2 threads per core) family 6 model 142 stepping 12 microcode 0xde, cx8, cmov, fxsr, ht, mmx, 3dnowpref, sse, sse2, sse3, ssse3, sse4.1, sse4.2, popcnt, lzcnt, tsc, tscinvbit, avx, avx2, aes, erms, clmul, bmi1, bmi2, adx, fma, vzeroupper, clflush, clflushopt, hv, rdtscp, f16c
Processor Information for the first 8 processors :
  Max Mhz: 2112, Current Mhz: 1609, Mhz Limit: 1605

Memory: 4k page, system-wide physical 8025M (474M free)
TotalPageFile size 22409M (AvailPageFile size 2M)
current process WorkingSet (physical memory assigned to process): 59M, peak: 59M
current process commit charge ("private bytes"): 197M, peak: 197M

vm_info: OpenJDK 64-Bit Server VM (21.0.6+7-LTS) for windows-amd64 JRE (21.0.6+7-LTS), built on 2025-01-21T00:00:00Z by "admin" with MS VC++ 17.7 (VS2022)

END.
